{"numFailedTestSuites":0,"numFailedTests":0,"numPassedTestSuites":1,"numPassedTests":22,"numPendingTestSuites":0,"numPendingTests":0,"numRuntimeErrorTestSuites":0,"numTodoTests":0,"numTotalTestSuites":1,"numTotalTests":22,"openHandles":[],"snapshot":{"added":0,"didUpdate":false,"failure":false,"filesAdded":0,"filesRemoved":0,"filesRemovedList":[],"filesUnmatched":0,"filesUpdated":0,"matched":0,"total":0,"unchecked":0,"uncheckedKeysByFile":[],"unmatched":0,"updated":0},"startTime":1774603710003,"success":true,"testResults":[{"assertionResults":[{"ancestorTitles":["Login","Authentication State"],"duration":26,"failing":false,"failureDetails":[],"failureMessages":[],"fullName":"Login Authentication State renders login button when user is not logged in","invocations":1,"location":null,"numPassingAsserts":3,"retryReasons":[],"startAt":1774603711382,"status":"passed","title":"renders login button when user is not logged in"},{"ancestorTitles":["Login","Authentication State"],"duration":2,"failing":false,"failureDetails":[],"failureMessages":[],"fullName":"Login Authentication State renders Account component when user is logged in","invocations":1,"location":null,"numPassingAsserts":2,"retryReasons":[],"startAt":1774603711409,"status":"passed","title":"renders Account component when user is logged in"},{"ancestorTitles":["Login","Authentication State"],"duration":2,"failing":false,"failureDetails":[],"failureMessages":[],"fullName":"Login Authentication State does not render modal when user is logged in","invocations":1,"location":null,"numPassingAsserts":1,"retryReasons":[],"startAt":1774603711412,"status":"passed","title":"does not render modal when user is logged in"},{"ancestorTitles":["Login","Authentication State"],"duration":2,"failing":false,"failureDetails":[],"failureMessages":[],"fullName":"Login Authentication State shows Account component for SSO users (no wallet connection option)","invocations":1,"location":null,"numPassingAsserts":3,"retryReasons":[],"startAt":1774603711414,"status":"passed","title":"shows Account component for SSO users (no wallet connection option)"},{"ancestorTitles":["Login","Modal Behavior"],"duration":2,"failing":false,"failureDetails":[],"failureMessages":[],"fullName":"Login Modal Behavior modal is closed by default","invocations":1,"location":null,"numPassingAsserts":1,"retryReasons":[],"startAt":1774603711416,"status":"passed","title":"modal is closed by default"},{"ancestorTitles":["Login","Modal Behavior"],"duration":8,"failing":false,"failureDetails":[],"failureMessages":[],"fullName":"Login Modal Behavior opens modal when login button is clicked","invocations":1,"location":null,"numPassingAsserts":1,"retryReasons":[],"startAt":1774603711419,"status":"passed","title":"opens modal when login button is clicked"},{"ancestorTitles":["Login","Modal Behavior"],"duration":5,"failing":false,"failureDetails":[],"failureMessages":[],"fullName":"Login Modal Behavior closes modal when login button is clicked again","invocations":1,"location":null,"numPassingAsserts":2,"retryReasons":[],"startAt":1774603711427,"status":"passed","title":"closes modal when login button is clicked again"},{"ancestorTitles":["Login","Modal Behavior"],"duration":5,"failing":false,"failureDetails":[],"failureMessages":[],"fullName":"Login Modal Behavior does not close modal when clicking inside modal content","invocations":1,"location":null,"numPassingAsserts":1,"retryReasons":[],"startAt":1774603711432,"status":"passed","title":"does not close modal when clicking inside modal content"},{"ancestorTitles":["Login","Keyboard Navigation"],"duration":4,"failing":false,"failureDetails":[],"failureMessages":[],"fullName":"Login Keyboard Navigation closes modal when ESC key is pressed","invocations":1,"location":null,"numPassingAsserts":2,"retryReasons":[],"startAt":1774603711437,"status":"passed","title":"closes modal when ESC key is pressed"},{"ancestorTitles":["Login","Keyboard Navigation"],"duration":5,"failing":false,"failureDetails":[],"failureMessages":[],"fullName":"Login Keyboard Navigation does not close modal when other keys are pressed","invocations":1,"location":null,"numPassingAsserts":2,"retryReasons":[],"startAt":1774603711442,"status":"passed","title":"does not close modal when other keys are pressed"},{"ancestorTitles":["Login","Keyboard Navigation"],"duration":2,"failing":false,"failureDetails":[],"failureMessages":[],"fullName":"Login Keyboard Navigation does not add keyboard listener when modal is closed","invocations":1,"location":null,"numPassingAsserts":1,"retryReasons":[],"startAt":1774603711448,"status":"passed","title":"does not add keyboard listener when modal is closed"},{"ancestorTitles":["Login","Keyboard Navigation"],"duration":5,"failing":false,"failureDetails":[],"failureMessages":[],"fullName":"Login Keyboard Navigation adds keyboard listener when modal opens","invocations":1,"location":null,"numPassingAsserts":1,"retryReasons":[],"startAt":1774603711450,"status":"passed","title":"adds keyboard listener when modal opens"},{"ancestorTitles":["Login","Keyboard Navigation"],"duration":5,"failing":false,"failureDetails":[],"failureMessages":[],"fullName":"Login Keyboard Navigation removes keyboard listener when modal closes","invocations":1,"location":null,"numPassingAsserts":1,"retryReasons":[],"startAt":1774603711455,"status":"passed","title":"removes keyboard listener when modal closes"},{"ancestorTitles":["Login","Child Components"],"duration":28,"failing":false,"failureDetails":[],"failureMessages":[],"fullName":"Login Child Components renders WalletLogin component when modal is open","invocations":1,"location":null,"numPassingAsserts":1,"retryReasons":[],"startAt":1774603711460,"status":"passed","title":"renders WalletLogin component when modal is open"},{"ancestorTitles":["Login","Child Components"],"duration":30,"failing":false,"failureDetails":[],"failureMessages":[],"fullName":"Login Child Components renders InstitutionalLogin component when modal is open","invocations":1,"location":null,"numPassingAsserts":1,"retryReasons":[],"startAt":1774603711488,"status":"passed","title":"renders InstitutionalLogin component when modal is open"},{"ancestorTitles":["Login","Child Components"],"duration":17,"failing":false,"failureDetails":[],"failureMessages":[],"fullName":"Login Child Components renders EntraLoginButton component when modal is open","invocations":1,"location":null,"numPassingAsserts":1,"retryReasons":[],"startAt":1774603711519,"status":"passed","title":"renders EntraLoginButton component when modal is open"},{"ancestorTitles":["Login","Child Components"],"duration":31,"failing":false,"failureDetails":[],"failureMessages":[],"fullName":"Login Child Components passes setIsModalOpen prop to WalletLogin","invocations":1,"location":null,"numPassingAsserts":1,"retryReasons":[],"startAt":1774603711536,"status":"passed","title":"passes setIsModalOpen prop to WalletLogin"},{"ancestorTitles":["Login","Child Components"],"duration":14,"failing":false,"failureDetails":[],"failureMessages":[],"fullName":"Login Child Components passes setIsModalOpen prop to InstitutionalLogin","invocations":1,"location":null,"numPassingAsserts":1,"retryReasons":[],"startAt":1774603711567,"status":"passed","title":"passes setIsModalOpen prop to InstitutionalLogin"},{"ancestorTitles":["Login","Child Components"],"duration":31,"failing":false,"failureDetails":[],"failureMessages":[],"fullName":"Login Child Components passes setIsModalOpen prop to EntraLoginButton","invocations":1,"location":null,"numPassingAsserts":1,"retryReasons":[],"startAt":1774603711582,"status":"passed","title":"passes setIsModalOpen prop to EntraLoginButton"},{"ancestorTitles":["Login","Edge Cases"],"duration":6,"failing":false,"failureDetails":[],"failureMessages":[],"fullName":"Login Edge Cases handles rapid modal toggle correctly","invocations":1,"location":null,"numPassingAsserts":1,"retryReasons":[],"startAt":1774603711613,"status":"passed","title":"handles rapid modal toggle correctly"},{"ancestorTitles":["Login","Edge Cases"],"duration":2,"failing":false,"failureDetails":[],"failureMessages":[],"fullName":"Login Edge Cases handles ESC key press when modal is already closed","invocations":1,"location":null,"numPassingAsserts":1,"retryReasons":[],"startAt":1774603711619,"status":"passed","title":"handles ESC key press when modal is already closed"},{"ancestorTitles":["Login","Edge Cases"],"duration":1,"failing":false,"failureDetails":[],"failureMessages":[],"fullName":"Login Edge Cases modal does not render without isLoggedIn state","invocations":1,"location":null,"numPassingAsserts":2,"retryReasons":[],"startAt":1774603711621,"status":"passed","title":"modal does not render without isLoggedIn state"}],"endTime":1774603711624,"message":"","name":"C:\\Users\\denis\\VSProjects\\Marketplace\\src\\components\\auth\\__tests__\\Login.test.js","startTime":1774603710756,"status":"passed","summary":""}],"wasInterrupted":false}
