{"total": {"lines":{"total":1515,"covered":1173,"skipped":0,"pct":77.42},"statements":{"total":1515,"covered":1173,"skipped":0,"pct":77.42},"functions":{"total":15,"covered":14,"skipped":0,"pct":93.33},"branches":{"total":236,"covered":163,"skipped":0,"pct":69.06},"branchesTrue":{"total":0,"covered":0,"skipped":0,"pct":100}}
,"C:\\Users\\denis\\VSProjects\\Marketplace\\src\\app\\api\\provider\\deleteFile\\route.js": {"lines":{"total":217,"covered":143,"skipped":0,"pct":65.89},"functions":{"total":1,"covered":1,"skipped":0,"pct":100},"statements":{"total":217,"covered":143,"skipped":0,"pct":65.89},"branches":{"total":26,"covered":16,"skipped":0,"pct":61.53}}
,"C:\\Users\\denis\\VSProjects\\Marketplace\\src\\app\\api\\provider\\deleteLabData\\route.js": {"lines":{"total":142,"covered":133,"skipped":0,"pct":93.66},"functions":{"total":1,"covered":1,"skipped":0,"pct":100},"statements":{"total":142,"covered":133,"skipped":0,"pct":93.66},"branches":{"total":18,"covered":17,"skipped":0,"pct":94.44}}
,"C:\\Users\\denis\\VSProjects\\Marketplace\\src\\app\\api\\provider\\moveFiles\\route.js": {"lines":{"total":226,"covered":191,"skipped":0,"pct":84.51},"functions":{"total":1,"covered":1,"skipped":0,"pct":100},"statements":{"total":226,"covered":191,"skipped":0,"pct":84.51},"branches":{"total":31,"covered":24,"skipped":0,"pct":77.41}}
,"C:\\Users\\denis\\VSProjects\\Marketplace\\src\\app\\api\\provider\\saveLabData\\route.js": {"lines":{"total":399,"covered":326,"skipped":0,"pct":81.7},"functions":{"total":8,"covered":8,"skipped":0,"pct":100},"statements":{"total":399,"covered":326,"skipped":0,"pct":81.7},"branches":{"total":103,"covered":58,"skipped":0,"pct":56.31}}
,"C:\\Users\\denis\\VSProjects\\Marketplace\\src\\app\\api\\provider\\saveRegistration\\route.js": {"lines":{"total":210,"covered":158,"skipped":0,"pct":75.23},"functions":{"total":1,"covered":1,"skipped":0,"pct":100},"statements":{"total":210,"covered":158,"skipped":0,"pct":75.23},"branches":{"total":24,"covered":20,"skipped":0,"pct":83.33}}
,"C:\\Users\\denis\\VSProjects\\Marketplace\\src\\app\\api\\provider\\uploadFile\\route.js": {"lines":{"total":321,"covered":222,"skipped":0,"pct":69.15},"functions":{"total":3,"covered":2,"skipped":0,"pct":66.66},"statements":{"total":321,"covered":222,"skipped":0,"pct":69.15},"branches":{"total":34,"covered":28,"skipped":0,"pct":82.35}}
}
