{"total": {"lines":{"total":928,"covered":871,"skipped":0,"pct":93.85},"statements":{"total":928,"covered":871,"skipped":0,"pct":93.85},"functions":{"total":13,"covered":13,"skipped":0,"pct":100},"branches":{"total":267,"covered":198,"skipped":0,"pct":74.15},"branchesTrue":{"total":0,"covered":0,"skipped":0,"pct":100}}
,"C:\\Users\\denis\\VSProjects\\Marketplace\\src\\app\\api\\backend\\intents\\[requestId]\\route.js": {"lines":{"total":44,"covered":44,"skipped":0,"pct":100},"functions":{"total":1,"covered":1,"skipped":0,"pct":100},"statements":{"total":44,"covered":44,"skipped":0,"pct":100},"branches":{"total":16,"covered":13,"skipped":0,"pct":81.25}}
,"C:\\Users\\denis\\VSProjects\\Marketplace\\src\\app\\api\\backend\\intents\\actions\\finalize\\route.js": {"lines":{"total":189,"covered":181,"skipped":0,"pct":95.76},"functions":{"total":1,"covered":1,"skipped":0,"pct":100},"statements":{"total":189,"covered":181,"skipped":0,"pct":95.76},"branches":{"total":54,"covered":39,"skipped":0,"pct":72.22}}
,"C:\\Users\\denis\\VSProjects\\Marketplace\\src\\app\\api\\backend\\intents\\actions\\prepare\\route.js": {"lines":{"total":270,"covered":252,"skipped":0,"pct":93.33},"functions":{"total":8,"covered":8,"skipped":0,"pct":100},"statements":{"total":270,"covered":252,"skipped":0,"pct":93.33},"branches":{"total":83,"covered":64,"skipped":0,"pct":77.1}}
,"C:\\Users\\denis\\VSProjects\\Marketplace\\src\\app\\api\\backend\\intents\\authorize\\status\\[sessionId]\\route.js": {"lines":{"total":43,"covered":43,"skipped":0,"pct":100},"functions":{"total":1,"covered":1,"skipped":0,"pct":100},"statements":{"total":43,"covered":43,"skipped":0,"pct":100},"branches":{"total":15,"covered":13,"skipped":0,"pct":86.66}}
,"C:\\Users\\denis\\VSProjects\\Marketplace\\src\\app\\api\\backend\\intents\\reservations\\finalize\\route.js": {"lines":{"total":189,"covered":166,"skipped":0,"pct":87.83},"functions":{"total":1,"covered":1,"skipped":0,"pct":100},"statements":{"total":189,"covered":166,"skipped":0,"pct":87.83},"branches":{"total":51,"covered":34,"skipped":0,"pct":66.66}}
,"C:\\Users\\denis\\VSProjects\\Marketplace\\src\\app\\api\\backend\\intents\\reservations\\prepare\\route.js": {"lines":{"total":193,"covered":185,"skipped":0,"pct":95.85},"functions":{"total":1,"covered":1,"skipped":0,"pct":100},"statements":{"total":193,"covered":185,"skipped":0,"pct":95.85},"branches":{"total":48,"covered":35,"skipped":0,"pct":72.91}}
}
