{"total": {"lines":{"total":53355,"covered":42406,"skipped":0,"pct":79.47},"statements":{"total":53355,"covered":42406,"skipped":0,"pct":79.47},"functions":{"total":1722,"covered":1389,"skipped":0,"pct":80.66},"branches":{"total":8962,"covered":6836,"skipped":0,"pct":76.27},"branchesTrue":{"total":0,"covered":0,"skipped":0,"pct":100}}
,"C:\\Users\\denis\\VSProjects\\Marketplace\\src\\app\\layout.js": {"lines":{"total":58,"covered":0,"skipped":0,"pct":0},"functions":{"total":1,"covered":0,"skipped":0,"pct":0},"statements":{"total":58,"covered":0,"skipped":0,"pct":0},"branches":{"total":1,"covered":0,"skipped":0,"pct":0}}
,"C:\\Users\\denis\\VSProjects\\Marketplace\\src\\app\\(app)\\layout.js": {"lines":{"total":14,"covered":0,"skipped":0,"pct":0},"functions":{"total":1,"covered":0,"skipped":0,"pct":0},"statements":{"total":14,"covered":0,"skipped":0,"pct":0},"branches":{"total":1,"covered":0,"skipped":0,"pct":0}}
,"C:\\Users\\denis\\VSProjects\\Marketplace\\src\\app\\(app)\\page.js": {"lines":{"total":33,"covered":0,"skipped":0,"pct":0},"functions":{"total":1,"covered":0,"skipped":0,"pct":0},"statements":{"total":33,"covered":0,"skipped":0,"pct":0},"branches":{"total":1,"covered":0,"skipped":0,"pct":0}}
,"C:\\Users\\denis\\VSProjects\\Marketplace\\src\\app\\(app)\\lab\\page.js": {"lines":{"total":3,"covered":0,"skipped":0,"pct":0},"functions":{"total":1,"covered":0,"skipped":0,"pct":0},"statements":{"total":3,"covered":0,"skipped":0,"pct":0},"branches":{"total":1,"covered":0,"skipped":0,"pct":0}}
,"C:\\Users\\denis\\VSProjects\\Marketplace\\src\\app\\(app)\\lab\\[id]\\page.js": {"lines":{"total":14,"covered":0,"skipped":0,"pct":0},"functions":{"total":1,"covered":0,"skipped":0,"pct":0},"statements":{"total":14,"covered":0,"skipped":0,"pct":0},"branches":{"total":1,"covered":0,"skipped":0,"pct":0}}
,"C:\\Users\\denis\\VSProjects\\Marketplace\\src\\app\\(app)\\providerdashboard\\page.js": {"lines":{"total":2,"covered":0,"skipped":0,"pct":0},"functions":{"total":1,"covered":0,"skipped":0,"pct":0},"statements":{"total":2,"covered":0,"skipped":0,"pct":0},"branches":{"total":1,"covered":0,"skipped":0,"pct":0}}
,"C:\\Users\\denis\\VSProjects\\Marketplace\\src\\app\\(app)\\register\\page.js": {"lines":{"total":2,"covered":0,"skipped":0,"pct":0},"functions":{"total":1,"covered":0,"skipped":0,"pct":0},"statements":{"total":2,"covered":0,"skipped":0,"pct":0},"branches":{"total":1,"covered":0,"skipped":0,"pct":0}}
,"C:\\Users\\denis\\VSProjects\\Marketplace\\src\\app\\(app)\\reservation\\page.js": {"lines":{"total":5,"covered":0,"skipped":0,"pct":0},"functions":{"total":1,"covered":0,"skipped":0,"pct":0},"statements":{"total":5,"covered":0,"skipped":0,"pct":0},"branches":{"total":1,"covered":0,"skipped":0,"pct":0}}
,"C:\\Users\\denis\\VSProjects\\Marketplace\\src\\app\\(app)\\reservation\\[id]\\page.js": {"lines":{"total":14,"covered":0,"skipped":0,"pct":0},"functions":{"total":1,"covered":0,"skipped":0,"pct":0},"statements":{"total":14,"covered":0,"skipped":0,"pct":0},"branches":{"total":1,"covered":0,"skipped":0,"pct":0}}
,"C:\\Users\\denis\\VSProjects\\Marketplace\\src\\app\\(app)\\userdashboard\\page.js": {"lines":{"total":2,"covered":0,"skipped":0,"pct":0},"functions":{"total":1,"covered":0,"skipped":0,"pct":0},"statements":{"total":2,"covered":0,"skipped":0,"pct":0},"branches":{"total":1,"covered":0,"skipped":0,"pct":0}}
,"C:\\Users\\denis\\VSProjects\\Marketplace\\src\\app\\(marketing)\\layout.js": {"lines":{"total":14,"covered":0,"skipped":0,"pct":0},"functions":{"total":1,"covered":0,"skipped":0,"pct":0},"statements":{"total":14,"covered":0,"skipped":0,"pct":0},"branches":{"total":1,"covered":0,"skipped":0,"pct":0}}
,"C:\\Users\\denis\\VSProjects\\Marketplace\\src\\app\\(marketing)\\about\\page.js": {"lines":{"total":1,"covered":0,"skipped":0,"pct":0},"functions":{"total":1,"covered":0,"skipped":0,"pct":0},"statements":{"total":1,"covered":0,"skipped":0,"pct":0},"branches":{"total":1,"covered":0,"skipped":0,"pct":0}}
,"C:\\Users\\denis\\VSProjects\\Marketplace\\src\\app\\(marketing)\\contact\\page.js": {"lines":{"total":2,"covered":0,"skipped":0,"pct":0},"functions":{"total":1,"covered":0,"skipped":0,"pct":0},"statements":{"total":2,"covered":0,"skipped":0,"pct":0},"branches":{"total":1,"covered":0,"skipped":0,"pct":0}}
,"C:\\Users\\denis\\VSProjects\\Marketplace\\src\\app\\(marketing)\\faq\\page.js": {"lines":{"total":1,"covered":0,"skipped":0,"pct":0},"functions":{"total":1,"covered":0,"skipped":0,"pct":0},"statements":{"total":1,"covered":0,"skipped":0,"pct":0},"branches":{"total":1,"covered":0,"skipped":0,"pct":0}}
,"C:\\Users\\denis\\VSProjects\\Marketplace\\src\\app\\.well-known\\public-key.pem\\route.js": {"lines":{"total":74,"covered":66,"skipped":0,"pct":89.18},"functions":{"total":1,"covered":1,"skipped":0,"pct":100},"statements":{"total":74,"covered":66,"skipped":0,"pct":89.18},"branches":{"total":8,"covered":7,"skipped":0,"pct":87.5}}
,"C:\\Users\\denis\\VSProjects\\Marketplace\\src\\app\\api\\auth\\checkin\\route.js": {"lines":{"total":172,"covered":164,"skipped":0,"pct":95.34},"functions":{"total":7,"covered":7,"skipped":0,"pct":100},"statements":{"total":172,"covered":164,"skipped":0,"pct":95.34},"branches":{"total":71,"covered":64,"skipped":0,"pct":90.14}}
,"C:\\Users\\denis\\VSProjects\\Marketplace\\src\\app\\api\\auth\\lab-access\\route.js": {"lines":{"total":167,"covered":149,"skipped":0,"pct":89.22},"functions":{"total":7,"covered":7,"skipped":0,"pct":100},"statements":{"total":167,"covered":149,"skipped":0,"pct":89.22},"branches":{"total":61,"covered":47,"skipped":0,"pct":77.04}}
,"C:\\Users\\denis\\VSProjects\\Marketplace\\src\\app\\api\\auth\\logout\\route.js": {"lines":{"total":25,"covered":25,"skipped":0,"pct":100},"functions":{"total":2,"covered":2,"skipped":0,"pct":100},"statements":{"total":25,"covered":25,"skipped":0,"pct":100},"branches":{"total":2,"covered":2,"skipped":0,"pct":100}}
,"C:\\Users\\denis\\VSProjects\\Marketplace\\src\\app\\api\\auth\\sso\\saml2\\callback\\route.js": {"lines":{"total":35,"covered":0,"skipped":0,"pct":0},"functions":{"total":1,"covered":0,"skipped":0,"pct":0},"statements":{"total":35,"covered":0,"skipped":0,"pct":0},"branches":{"total":1,"covered":0,"skipped":0,"pct":0}}
,"C:\\Users\\denis\\VSProjects\\Marketplace\\src\\app\\api\\auth\\sso\\saml2\\login\\route.js": {"lines":{"total":25,"covered":0,"skipped":0,"pct":0},"functions":{"total":1,"covered":0,"skipped":0,"pct":0},"statements":{"total":25,"covered":0,"skipped":0,"pct":0},"branches":{"total":1,"covered":0,"skipped":0,"pct":0}}
,"C:\\Users\\denis\\VSProjects\\Marketplace\\src\\app\\api\\auth\\sso\\saml2\\logout\\route.js": {"lines":{"total":92,"covered":0,"skipped":0,"pct":0},"functions":{"total":1,"covered":0,"skipped":0,"pct":0},"statements":{"total":92,"covered":0,"skipped":0,"pct":0},"branches":{"total":1,"covered":0,"skipped":0,"pct":0}}
,"C:\\Users\\denis\\VSProjects\\Marketplace\\src\\app\\api\\auth\\sso\\saml2\\metadata\\route.js": {"lines":{"total":35,"covered":0,"skipped":0,"pct":0},"functions":{"total":1,"covered":0,"skipped":0,"pct":0},"statements":{"total":35,"covered":0,"skipped":0,"pct":0},"branches":{"total":1,"covered":0,"skipped":0,"pct":0}}
,"C:\\Users\\denis\\VSProjects\\Marketplace\\src\\app\\api\\auth\\sso\\session\\route.js": {"lines":{"total":26,"covered":26,"skipped":0,"pct":100},"functions":{"total":1,"covered":1,"skipped":0,"pct":100},"statements":{"total":26,"covered":26,"skipped":0,"pct":100},"branches":{"total":3,"covered":3,"skipped":0,"pct":100}}
,"C:\\Users\\denis\\VSProjects\\Marketplace\\src\\app\\api\\auth\\test-jwt\\route.js": {"lines":{"total":182,"covered":0,"skipped":0,"pct":0},"functions":{"total":1,"covered":0,"skipped":0,"pct":0},"statements":{"total":182,"covered":0,"skipped":0,"pct":0},"branches":{"total":1,"covered":0,"skipped":0,"pct":0}}
,"C:\\Users\\denis\\VSProjects\\Marketplace\\src\\app\\api\\auth\\wallet-logout\\route.js": {"lines":{"total":36,"covered":0,"skipped":0,"pct":0},"functions":{"total":1,"covered":0,"skipped":0,"pct":0},"statements":{"total":36,"covered":0,"skipped":0,"pct":0},"branches":{"total":1,"covered":0,"skipped":0,"pct":0}}
,"C:\\Users\\denis\\VSProjects\\Marketplace\\src\\app\\api\\auth\\wallet-session\\route.js": {"lines":{"total":216,"covered":195,"skipped":0,"pct":90.27},"functions":{"total":4,"covered":4,"skipped":0,"pct":100},"statements":{"total":216,"covered":195,"skipped":0,"pct":90.27},"branches":{"total":36,"covered":29,"skipped":0,"pct":80.55}}
,"C:\\Users\\denis\\VSProjects\\Marketplace\\src\\app\\api\\auth\\webauthn\\options\\route.js": {"lines":{"total":37,"covered":0,"skipped":0,"pct":0},"functions":{"total":1,"covered":0,"skipped":0,"pct":0},"statements":{"total":37,"covered":0,"skipped":0,"pct":0},"branches":{"total":1,"covered":0,"skipped":0,"pct":0}}
,"C:\\Users\\denis\\VSProjects\\Marketplace\\src\\app\\api\\auth\\webauthn\\register\\route.js": {"lines":{"total":87,"covered":79,"skipped":0,"pct":90.8},"functions":{"total":2,"covered":2,"skipped":0,"pct":100},"statements":{"total":87,"covered":79,"skipped":0,"pct":90.8},"branches":{"total":22,"covered":12,"skipped":0,"pct":54.54}}
,"C:\\Users\\denis\\VSProjects\\Marketplace\\src\\app\\api\\auth\\webauthn\\status\\route.js": {"lines":{"total":41,"covered":0,"skipped":0,"pct":0},"functions":{"total":1,"covered":0,"skipped":0,"pct":0},"statements":{"total":41,"covered":0,"skipped":0,"pct":0},"branches":{"total":1,"covered":0,"skipped":0,"pct":0}}
,"C:\\Users\\denis\\VSProjects\\Marketplace\\src\\app\\api\\backend\\intents\\[requestId]\\route.js": {"lines":{"total":44,"covered":44,"skipped":0,"pct":100},"functions":{"total":1,"covered":1,"skipped":0,"pct":100},"statements":{"total":44,"covered":44,"skipped":0,"pct":100},"branches":{"total":16,"covered":13,"skipped":0,"pct":81.25}}
,"C:\\Users\\denis\\VSProjects\\Marketplace\\src\\app\\api\\backend\\intents\\actions\\finalize\\route.js": {"lines":{"total":189,"covered":181,"skipped":0,"pct":95.76},"functions":{"total":1,"covered":1,"skipped":0,"pct":100},"statements":{"total":189,"covered":181,"skipped":0,"pct":95.76},"branches":{"total":58,"covered":43,"skipped":0,"pct":74.13}}
,"C:\\Users\\denis\\VSProjects\\Marketplace\\src\\app\\api\\backend\\intents\\actions\\prepare\\route.js": {"lines":{"total":270,"covered":252,"skipped":0,"pct":93.33},"functions":{"total":8,"covered":8,"skipped":0,"pct":100},"statements":{"total":270,"covered":252,"skipped":0,"pct":93.33},"branches":{"total":92,"covered":75,"skipped":0,"pct":81.52}}
,"C:\\Users\\denis\\VSProjects\\Marketplace\\src\\app\\api\\backend\\intents\\authorize\\status\\[sessionId]\\route.js": {"lines":{"total":43,"covered":43,"skipped":0,"pct":100},"functions":{"total":1,"covered":1,"skipped":0,"pct":100},"statements":{"total":43,"covered":43,"skipped":0,"pct":100},"branches":{"total":15,"covered":13,"skipped":0,"pct":86.66}}
,"C:\\Users\\denis\\VSProjects\\Marketplace\\src\\app\\api\\backend\\intents\\reservations\\finalize\\route.js": {"lines":{"total":189,"covered":170,"skipped":0,"pct":89.94},"functions":{"total":1,"covered":1,"skipped":0,"pct":100},"statements":{"total":189,"covered":170,"skipped":0,"pct":89.94},"branches":{"total":59,"covered":45,"skipped":0,"pct":76.27}}
,"C:\\Users\\denis\\VSProjects\\Marketplace\\src\\app\\api\\backend\\intents\\reservations\\prepare\\route.js": {"lines":{"total":193,"covered":185,"skipped":0,"pct":95.85},"functions":{"total":1,"covered":1,"skipped":0,"pct":100},"statements":{"total":193,"covered":185,"skipped":0,"pct":95.85},"branches":{"total":51,"covered":38,"skipped":0,"pct":74.5}}
,"C:\\Users\\denis\\VSProjects\\Marketplace\\src\\app\\api\\contract\\erc20\\decimals\\route.js": {"lines":{"total":47,"covered":0,"skipped":0,"pct":0},"functions":{"total":1,"covered":0,"skipped":0,"pct":0},"statements":{"total":47,"covered":0,"skipped":0,"pct":0},"branches":{"total":1,"covered":0,"skipped":0,"pct":0}}
,"C:\\Users\\denis\\VSProjects\\Marketplace\\src\\app\\api\\contract\\institution\\getActiveReservationKey\\route.js": {"lines":{"total":94,"covered":0,"skipped":0,"pct":0},"functions":{"total":1,"covered":0,"skipped":0,"pct":0},"statements":{"total":94,"covered":0,"skipped":0,"pct":0},"branches":{"total":1,"covered":0,"skipped":0,"pct":0}}
,"C:\\Users\\denis\\VSProjects\\Marketplace\\src\\app\\api\\contract\\institution\\getAll\\route.js": {"lines":{"total":65,"covered":0,"skipped":0,"pct":0},"functions":{"total":1,"covered":0,"skipped":0,"pct":0},"statements":{"total":65,"covered":0,"skipped":0,"pct":0},"branches":{"total":1,"covered":0,"skipped":0,"pct":0}}
,"C:\\Users\\denis\\VSProjects\\Marketplace\\src\\app\\api\\contract\\institution\\getTreasuryBalance\\route.js": {"lines":{"total":63,"covered":0,"skipped":0,"pct":0},"functions":{"total":1,"covered":0,"skipped":0,"pct":0},"statements":{"total":63,"covered":0,"skipped":0,"pct":0},"branches":{"total":1,"covered":0,"skipped":0,"pct":0}}
,"C:\\Users\\denis\\VSProjects\\Marketplace\\src\\app\\api\\contract\\institution\\getUserLimit\\route.js": {"lines":{"total":62,"covered":0,"skipped":0,"pct":0},"functions":{"total":1,"covered":0,"skipped":0,"pct":0},"statements":{"total":62,"covered":0,"skipped":0,"pct":0},"branches":{"total":1,"covered":0,"skipped":0,"pct":0}}
,"C:\\Users\\denis\\VSProjects\\Marketplace\\src\\app\\api\\contract\\institution\\getUserRemainingAllowance\\route.js": {"lines":{"total":71,"covered":0,"skipped":0,"pct":0},"functions":{"total":1,"covered":0,"skipped":0,"pct":0},"statements":{"total":71,"covered":0,"skipped":0,"pct":0},"branches":{"total":1,"covered":0,"skipped":0,"pct":0}}
,"C:\\Users\\denis\\VSProjects\\Marketplace\\src\\app\\api\\contract\\institution\\getUserReservationByIndex\\route.js": {"lines":{"total":92,"covered":0,"skipped":0,"pct":0},"functions":{"total":1,"covered":0,"skipped":0,"pct":0},"statements":{"total":92,"covered":0,"skipped":0,"pct":0},"branches":{"total":1,"covered":0,"skipped":0,"pct":0}}
,"C:\\Users\\denis\\VSProjects\\Marketplace\\src\\app\\api\\contract\\institution\\getUserReservationCount\\route.js": {"lines":{"total":85,"covered":0,"skipped":0,"pct":0},"functions":{"total":1,"covered":0,"skipped":0,"pct":0},"statements":{"total":85,"covered":0,"skipped":0,"pct":0},"branches":{"total":1,"covered":0,"skipped":0,"pct":0}}
,"C:\\Users\\denis\\VSProjects\\Marketplace\\src\\app\\api\\contract\\institution\\getUserSpendingData\\route.js": {"lines":{"total":75,"covered":0,"skipped":0,"pct":0},"functions":{"total":1,"covered":0,"skipped":0,"pct":0},"statements":{"total":75,"covered":0,"skipped":0,"pct":0},"branches":{"total":1,"covered":0,"skipped":0,"pct":0}}
,"C:\\Users\\denis\\VSProjects\\Marketplace\\src\\app\\api\\contract\\institution\\hasUserActiveBooking\\route.js": {"lines":{"total":67,"covered":0,"skipped":0,"pct":0},"functions":{"total":1,"covered":0,"skipped":0,"pct":0},"statements":{"total":67,"covered":0,"skipped":0,"pct":0},"branches":{"total":1,"covered":0,"skipped":0,"pct":0}}
,"C:\\Users\\denis\\VSProjects\\Marketplace\\src\\app\\api\\contract\\institution\\resolve\\route.js": {"lines":{"total":138,"covered":0,"skipped":0,"pct":0},"functions":{"total":1,"covered":0,"skipped":0,"pct":0},"statements":{"total":138,"covered":0,"skipped":0,"pct":0},"branches":{"total":1,"covered":0,"skipped":0,"pct":0}}
,"C:\\Users\\denis\\VSProjects\\Marketplace\\src\\app\\api\\contract\\lab\\balanceOf\\route.js": {"lines":{"total":69,"covered":0,"skipped":0,"pct":0},"functions":{"total":1,"covered":0,"skipped":0,"pct":0},"statements":{"total":69,"covered":0,"skipped":0,"pct":0},"branches":{"total":1,"covered":0,"skipped":0,"pct":0}}
,"C:\\Users\\denis\\VSProjects\\Marketplace\\src\\app\\api\\contract\\lab\\getAllLabs\\route.js": {"lines":{"total":162,"covered":0,"skipped":0,"pct":0},"functions":{"total":1,"covered":0,"skipped":0,"pct":0},"statements":{"total":162,"covered":0,"skipped":0,"pct":0},"branches":{"total":1,"covered":0,"skipped":0,"pct":0}}
,"C:\\Users\\denis\\VSProjects\\Marketplace\\src\\app\\api\\contract\\lab\\getLab\\route.js": {"lines":{"total":97,"covered":0,"skipped":0,"pct":0},"functions":{"total":1,"covered":0,"skipped":0,"pct":0},"statements":{"total":97,"covered":0,"skipped":0,"pct":0},"branches":{"total":1,"covered":0,"skipped":0,"pct":0}}
,"C:\\Users\\denis\\VSProjects\\Marketplace\\src\\app\\api\\contract\\lab\\getLabAuthURI\\route.js": {"lines":{"total":36,"covered":36,"skipped":0,"pct":100},"functions":{"total":1,"covered":1,"skipped":0,"pct":100},"statements":{"total":36,"covered":36,"skipped":0,"pct":100},"branches":{"total":6,"covered":5,"skipped":0,"pct":83.33}}
,"C:\\Users\\denis\\VSProjects\\Marketplace\\src\\app\\api\\contract\\lab\\getLabReputation\\route.js": {"lines":{"total":65,"covered":0,"skipped":0,"pct":0},"functions":{"total":1,"covered":0,"skipped":0,"pct":0},"statements":{"total":65,"covered":0,"skipped":0,"pct":0},"branches":{"total":1,"covered":0,"skipped":0,"pct":0}}
,"C:\\Users\\denis\\VSProjects\\Marketplace\\src\\app\\api\\contract\\lab\\getPendingLabPayout\\route.js": {"lines":{"total":59,"covered":59,"skipped":0,"pct":100},"functions":{"total":1,"covered":1,"skipped":0,"pct":100},"statements":{"total":59,"covered":59,"skipped":0,"pct":100},"branches":{"total":25,"covered":19,"skipped":0,"pct":76}}
,"C:\\Users\\denis\\VSProjects\\Marketplace\\src\\app\\api\\contract\\lab\\ownerOf\\route.js": {"lines":{"total":57,"covered":0,"skipped":0,"pct":0},"functions":{"total":1,"covered":0,"skipped":0,"pct":0},"statements":{"total":57,"covered":0,"skipped":0,"pct":0},"branches":{"total":1,"covered":0,"skipped":0,"pct":0}}
,"C:\\Users\\denis\\VSProjects\\Marketplace\\src\\app\\api\\contract\\lab\\tokenOfOwnerByIndex\\route.js": {"lines":{"total":88,"covered":0,"skipped":0,"pct":0},"functions":{"total":1,"covered":0,"skipped":0,"pct":0},"statements":{"total":88,"covered":0,"skipped":0,"pct":0},"branches":{"total":1,"covered":0,"skipped":0,"pct":0}}
,"C:\\Users\\denis\\VSProjects\\Marketplace\\src\\app\\api\\contract\\lab\\tokenURI\\route.js": {"lines":{"total":39,"covered":0,"skipped":0,"pct":0},"functions":{"total":1,"covered":0,"skipped":0,"pct":0},"statements":{"total":39,"covered":0,"skipped":0,"pct":0},"branches":{"total":1,"covered":0,"skipped":0,"pct":0}}
,"C:\\Users\\denis\\VSProjects\\Marketplace\\src\\app\\api\\contract\\provider\\getLabProviders\\route.js": {"lines":{"total":57,"covered":0,"skipped":0,"pct":0},"functions":{"total":1,"covered":0,"skipped":0,"pct":0},"statements":{"total":57,"covered":0,"skipped":0,"pct":0},"branches":{"total":1,"covered":0,"skipped":0,"pct":0}}
,"C:\\Users\\denis\\VSProjects\\Marketplace\\src\\app\\api\\contract\\provider\\getRequiredStake\\route.js": {"lines":{"total":54,"covered":54,"skipped":0,"pct":100},"functions":{"total":1,"covered":1,"skipped":0,"pct":100},"statements":{"total":54,"covered":54,"skipped":0,"pct":100},"branches":{"total":9,"covered":7,"skipped":0,"pct":77.77}}
,"C:\\Users\\denis\\VSProjects\\Marketplace\\src\\app\\api\\contract\\provider\\getStakeInfo\\route.js": {"lines":{"total":57,"covered":57,"skipped":0,"pct":100},"functions":{"total":1,"covered":1,"skipped":0,"pct":100},"statements":{"total":57,"covered":57,"skipped":0,"pct":100},"branches":{"total":24,"covered":18,"skipped":0,"pct":75}}
,"C:\\Users\\denis\\VSProjects\\Marketplace\\src\\app\\api\\contract\\provider\\isLabProvider\\route.js": {"lines":{"total":45,"covered":0,"skipped":0,"pct":0},"functions":{"total":1,"covered":0,"skipped":0,"pct":0},"statements":{"total":45,"covered":0,"skipped":0,"pct":0},"branches":{"total":1,"covered":0,"skipped":0,"pct":0}}
,"C:\\Users\\denis\\VSProjects\\Marketplace\\src\\app\\api\\contract\\provider\\removeProvider\\route.js": {"lines":{"total":51,"covered":0,"skipped":0,"pct":0},"functions":{"total":1,"covered":0,"skipped":0,"pct":0},"statements":{"total":51,"covered":0,"skipped":0,"pct":0},"branches":{"total":1,"covered":0,"skipped":0,"pct":0}}
,"C:\\Users\\denis\\VSProjects\\Marketplace\\src\\app\\api\\contract\\provider\\updateProvider\\route.js": {"lines":{"total":46,"covered":0,"skipped":0,"pct":0},"functions":{"total":1,"covered":0,"skipped":0,"pct":0},"statements":{"total":46,"covered":0,"skipped":0,"pct":0},"branches":{"total":1,"covered":0,"skipped":0,"pct":0}}
,"C:\\Users\\denis\\VSProjects\\Marketplace\\src\\app\\api\\contract\\reservation\\checkAvailable\\route.js": {"lines":{"total":46,"covered":0,"skipped":0,"pct":0},"functions":{"total":1,"covered":0,"skipped":0,"pct":0},"statements":{"total":46,"covered":0,"skipped":0,"pct":0},"branches":{"total":1,"covered":0,"skipped":0,"pct":0}}
,"C:\\Users\\denis\\VSProjects\\Marketplace\\src\\app\\api\\contract\\reservation\\getActiveReservationKeyForUser\\route.js": {"lines":{"total":98,"covered":0,"skipped":0,"pct":0},"functions":{"total":1,"covered":0,"skipped":0,"pct":0},"statements":{"total":98,"covered":0,"skipped":0,"pct":0},"branches":{"total":1,"covered":0,"skipped":0,"pct":0}}
,"C:\\Users\\denis\\VSProjects\\Marketplace\\src\\app\\api\\contract\\reservation\\getLabTokenAddress\\route.js": {"lines":{"total":36,"covered":0,"skipped":0,"pct":0},"functions":{"total":1,"covered":0,"skipped":0,"pct":0},"statements":{"total":36,"covered":0,"skipped":0,"pct":0},"branches":{"total":1,"covered":0,"skipped":0,"pct":0}}
,"C:\\Users\\denis\\VSProjects\\Marketplace\\src\\app\\api\\contract\\reservation\\getReservation\\route.js": {"lines":{"total":240,"covered":0,"skipped":0,"pct":0},"functions":{"total":1,"covered":0,"skipped":0,"pct":0},"statements":{"total":240,"covered":0,"skipped":0,"pct":0},"branches":{"total":1,"covered":0,"skipped":0,"pct":0}}
,"C:\\Users\\denis\\VSProjects\\Marketplace\\src\\app\\api\\contract\\reservation\\getReservationOfTokenByIndex\\route.js": {"lines":{"total":92,"covered":0,"skipped":0,"pct":0},"functions":{"total":1,"covered":0,"skipped":0,"pct":0},"statements":{"total":92,"covered":0,"skipped":0,"pct":0},"branches":{"total":1,"covered":0,"skipped":0,"pct":0}}
,"C:\\Users\\denis\\VSProjects\\Marketplace\\src\\app\\api\\contract\\reservation\\getReservationsOfToken\\route.js": {"lines":{"total":61,"covered":0,"skipped":0,"pct":0},"functions":{"total":1,"covered":0,"skipped":0,"pct":0},"statements":{"total":61,"covered":0,"skipped":0,"pct":0},"branches":{"total":1,"covered":0,"skipped":0,"pct":0}}
,"C:\\Users\\denis\\VSProjects\\Marketplace\\src\\app\\api\\contract\\reservation\\getReservationsOfTokenByUser\\route.js": {"lines":{"total":89,"covered":0,"skipped":0,"pct":0},"functions":{"total":1,"covered":0,"skipped":0,"pct":0},"statements":{"total":89,"covered":0,"skipped":0,"pct":0},"branches":{"total":1,"covered":0,"skipped":0,"pct":0}}
,"C:\\Users\\denis\\VSProjects\\Marketplace\\src\\app\\api\\contract\\reservation\\getSafeBalance\\route.js": {"lines":{"total":36,"covered":0,"skipped":0,"pct":0},"functions":{"total":1,"covered":0,"skipped":0,"pct":0},"statements":{"total":36,"covered":0,"skipped":0,"pct":0},"branches":{"total":1,"covered":0,"skipped":0,"pct":0}}
,"C:\\Users\\denis\\VSProjects\\Marketplace\\src\\app\\api\\contract\\reservation\\hasActiveBooking\\route.js": {"lines":{"total":52,"covered":0,"skipped":0,"pct":0},"functions":{"total":1,"covered":0,"skipped":0,"pct":0},"statements":{"total":52,"covered":0,"skipped":0,"pct":0},"branches":{"total":1,"covered":0,"skipped":0,"pct":0}}
,"C:\\Users\\denis\\VSProjects\\Marketplace\\src\\app\\api\\contract\\reservation\\hasActiveBookingByToken\\route.js": {"lines":{"total":52,"covered":0,"skipped":0,"pct":0},"functions":{"total":1,"covered":0,"skipped":0,"pct":0},"statements":{"total":52,"covered":0,"skipped":0,"pct":0},"branches":{"total":1,"covered":0,"skipped":0,"pct":0}}
,"C:\\Users\\denis\\VSProjects\\Marketplace\\src\\app\\api\\contract\\reservation\\isTokenListed\\route.js": {"lines":{"total":137,"covered":0,"skipped":0,"pct":0},"functions":{"total":1,"covered":0,"skipped":0,"pct":0},"statements":{"total":137,"covered":0,"skipped":0,"pct":0},"branches":{"total":1,"covered":0,"skipped":0,"pct":0}}
,"C:\\Users\\denis\\VSProjects\\Marketplace\\src\\app\\api\\contract\\reservation\\reservationKeyOfUserByIndex\\route.js": {"lines":{"total":120,"covered":0,"skipped":0,"pct":0},"functions":{"total":1,"covered":0,"skipped":0,"pct":0},"statements":{"total":120,"covered":0,"skipped":0,"pct":0},"branches":{"total":1,"covered":0,"skipped":0,"pct":0}}
,"C:\\Users\\denis\\VSProjects\\Marketplace\\src\\app\\api\\contract\\reservation\\reservationsOf\\route.js": {"lines":{"total":66,"covered":0,"skipped":0,"pct":0},"functions":{"total":1,"covered":0,"skipped":0,"pct":0},"statements":{"total":66,"covered":0,"skipped":0,"pct":0},"branches":{"total":1,"covered":0,"skipped":0,"pct":0}}
,"C:\\Users\\denis\\VSProjects\\Marketplace\\src\\app\\api\\contract\\reservation\\totalReservations\\route.js": {"lines":{"total":36,"covered":0,"skipped":0,"pct":0},"functions":{"total":1,"covered":0,"skipped":0,"pct":0},"statements":{"total":36,"covered":0,"skipped":0,"pct":0},"branches":{"total":1,"covered":0,"skipped":0,"pct":0}}
,"C:\\Users\\denis\\VSProjects\\Marketplace\\src\\app\\api\\contract\\reservation\\userOfReservation\\route.js": {"lines":{"total":49,"covered":0,"skipped":0,"pct":0},"functions":{"total":1,"covered":0,"skipped":0,"pct":0},"statements":{"total":49,"covered":0,"skipped":0,"pct":0},"branches":{"total":1,"covered":0,"skipped":0,"pct":0}}
,"C:\\Users\\denis\\VSProjects\\Marketplace\\src\\app\\api\\contract\\utils\\bigIntSerializer.js": {"lines":{"total":38,"covered":0,"skipped":0,"pct":0},"functions":{"total":1,"covered":0,"skipped":0,"pct":0},"statements":{"total":38,"covered":0,"skipped":0,"pct":0},"branches":{"total":1,"covered":0,"skipped":0,"pct":0}}
,"C:\\Users\\denis\\VSProjects\\Marketplace\\src\\app\\api\\contract\\utils\\contractInstance.js": {"lines":{"total":54,"covered":18,"skipped":0,"pct":33.33},"functions":{"total":1,"covered":0,"skipped":0,"pct":0},"statements":{"total":54,"covered":18,"skipped":0,"pct":33.33},"branches":{"total":0,"covered":0,"skipped":0,"pct":100}}
,"C:\\Users\\denis\\VSProjects\\Marketplace\\src\\app\\api\\contract\\utils\\getProvider.js": {"lines":{"total":272,"covered":18,"skipped":0,"pct":6.61},"functions":{"total":2,"covered":0,"skipped":0,"pct":0},"statements":{"total":272,"covered":18,"skipped":0,"pct":6.61},"branches":{"total":0,"covered":0,"skipped":0,"pct":100}}
,"C:\\Users\\denis\\VSProjects\\Marketplace\\src\\app\\api\\contract\\utils\\institutionSession.js": {"lines":{"total":98,"covered":0,"skipped":0,"pct":0},"functions":{"total":1,"covered":0,"skipped":0,"pct":0},"statements":{"total":98,"covered":0,"skipped":0,"pct":0},"branches":{"total":1,"covered":0,"skipped":0,"pct":0}}
,"C:\\Users\\denis\\VSProjects\\Marketplace\\src\\app\\api\\institutions\\provisionConsumer\\route.js": {"lines":{"total":103,"covered":95,"skipped":0,"pct":92.23},"functions":{"total":2,"covered":2,"skipped":0,"pct":100},"statements":{"total":103,"covered":95,"skipped":0,"pct":92.23},"branches":{"total":26,"covered":16,"skipped":0,"pct":61.53}}
,"C:\\Users\\denis\\VSProjects\\Marketplace\\src\\app\\api\\institutions\\provisionConsumer\\jwks\\route.js": {"lines":{"total":20,"covered":0,"skipped":0,"pct":0},"functions":{"total":1,"covered":0,"skipped":0,"pct":0},"statements":{"total":20,"covered":0,"skipped":0,"pct":0},"branches":{"total":1,"covered":0,"skipped":0,"pct":0}}
,"C:\\Users\\denis\\VSProjects\\Marketplace\\src\\app\\api\\institutions\\provisionToken\\route.js": {"lines":{"total":109,"covered":101,"skipped":0,"pct":92.66},"functions":{"total":2,"covered":2,"skipped":0,"pct":100},"statements":{"total":109,"covered":101,"skipped":0,"pct":92.66},"branches":{"total":34,"covered":19,"skipped":0,"pct":55.88}}
,"C:\\Users\\denis\\VSProjects\\Marketplace\\src\\app\\api\\institutions\\provisionToken\\jwks\\route.js": {"lines":{"total":15,"covered":0,"skipped":0,"pct":0},"functions":{"total":1,"covered":0,"skipped":0,"pct":0},"statements":{"total":15,"covered":0,"skipped":0,"pct":0},"branches":{"total":1,"covered":0,"skipped":0,"pct":0}}
,"C:\\Users\\denis\\VSProjects\\Marketplace\\src\\app\\api\\institutions\\registerConsumer\\route.js": {"lines":{"total":249,"covered":163,"skipped":0,"pct":65.46},"functions":{"total":3,"covered":3,"skipped":0,"pct":100},"statements":{"total":249,"covered":163,"skipped":0,"pct":65.46},"branches":{"total":47,"covered":26,"skipped":0,"pct":55.31}}
,"C:\\Users\\denis\\VSProjects\\Marketplace\\src\\app\\api\\institutions\\registerProvider\\route.js": {"lines":{"total":314,"covered":214,"skipped":0,"pct":68.15},"functions":{"total":5,"covered":5,"skipped":0,"pct":100},"statements":{"total":314,"covered":214,"skipped":0,"pct":68.15},"branches":{"total":54,"covered":21,"skipped":0,"pct":38.88}}
,"C:\\Users\\denis\\VSProjects\\Marketplace\\src\\app\\api\\metadata\\route.js": {"lines":{"total":234,"covered":0,"skipped":0,"pct":0},"functions":{"total":1,"covered":0,"skipped":0,"pct":0},"statements":{"total":234,"covered":0,"skipped":0,"pct":0},"branches":{"total":1,"covered":0,"skipped":0,"pct":0}}
,"C:\\Users\\denis\\VSProjects\\Marketplace\\src\\app\\api\\onboarding\\_eventBus.js": {"lines":{"total":57,"covered":0,"skipped":0,"pct":0},"functions":{"total":1,"covered":0,"skipped":0,"pct":0},"statements":{"total":57,"covered":0,"skipped":0,"pct":0},"branches":{"total":1,"covered":0,"skipped":0,"pct":0}}
,"C:\\Users\\denis\\VSProjects\\Marketplace\\src\\app\\api\\onboarding\\callback\\route.js": {"lines":{"total":305,"covered":0,"skipped":0,"pct":0},"functions":{"total":1,"covered":0,"skipped":0,"pct":0},"statements":{"total":305,"covered":0,"skipped":0,"pct":0},"branches":{"total":1,"covered":0,"skipped":0,"pct":0}}
,"C:\\Users\\denis\\VSProjects\\Marketplace\\src\\app\\api\\onboarding\\events\\route.js": {"lines":{"total":83,"covered":0,"skipped":0,"pct":0},"functions":{"total":1,"covered":0,"skipped":0,"pct":0},"statements":{"total":83,"covered":0,"skipped":0,"pct":0},"branches":{"total":1,"covered":0,"skipped":0,"pct":0}}
,"C:\\Users\\denis\\VSProjects\\Marketplace\\src\\app\\api\\onboarding\\session\\route.js": {"lines":{"total":135,"covered":0,"skipped":0,"pct":0},"functions":{"total":1,"covered":0,"skipped":0,"pct":0},"statements":{"total":135,"covered":0,"skipped":0,"pct":0},"branches":{"total":1,"covered":0,"skipped":0,"pct":0}}
,"C:\\Users\\denis\\VSProjects\\Marketplace\\src\\app\\api\\onboarding\\status\\[sessionId]\\route.js": {"lines":{"total":76,"covered":0,"skipped":0,"pct":0},"functions":{"total":1,"covered":0,"skipped":0,"pct":0},"statements":{"total":76,"covered":0,"skipped":0,"pct":0},"branches":{"total":1,"covered":0,"skipped":0,"pct":0}}
,"C:\\Users\\denis\\VSProjects\\Marketplace\\src\\app\\api\\provider\\deleteFile\\route.js": {"lines":{"total":217,"covered":143,"skipped":0,"pct":65.89},"functions":{"total":1,"covered":1,"skipped":0,"pct":100},"statements":{"total":217,"covered":143,"skipped":0,"pct":65.89},"branches":{"total":26,"covered":16,"skipped":0,"pct":61.53}}
,"C:\\Users\\denis\\VSProjects\\Marketplace\\src\\app\\api\\provider\\deleteLabData\\route.js": {"lines":{"total":142,"covered":133,"skipped":0,"pct":93.66},"functions":{"total":1,"covered":1,"skipped":0,"pct":100},"statements":{"total":142,"covered":133,"skipped":0,"pct":93.66},"branches":{"total":18,"covered":17,"skipped":0,"pct":94.44}}
,"C:\\Users\\denis\\VSProjects\\Marketplace\\src\\app\\api\\provider\\moveFiles\\route.js": {"lines":{"total":226,"covered":191,"skipped":0,"pct":84.51},"functions":{"total":1,"covered":1,"skipped":0,"pct":100},"statements":{"total":226,"covered":191,"skipped":0,"pct":84.51},"branches":{"total":31,"covered":24,"skipped":0,"pct":77.41}}
,"C:\\Users\\denis\\VSProjects\\Marketplace\\src\\app\\api\\provider\\saveLabData\\route.js": {"lines":{"total":399,"covered":326,"skipped":0,"pct":81.7},"functions":{"total":8,"covered":8,"skipped":0,"pct":100},"statements":{"total":399,"covered":326,"skipped":0,"pct":81.7},"branches":{"total":103,"covered":58,"skipped":0,"pct":56.31}}
,"C:\\Users\\denis\\VSProjects\\Marketplace\\src\\app\\api\\provider\\saveRegistration\\route.js": {"lines":{"total":210,"covered":158,"skipped":0,"pct":75.23},"functions":{"total":1,"covered":1,"skipped":0,"pct":100},"statements":{"total":210,"covered":158,"skipped":0,"pct":75.23},"branches":{"total":24,"covered":20,"skipped":0,"pct":83.33}}
,"C:\\Users\\denis\\VSProjects\\Marketplace\\src\\app\\api\\provider\\uploadFile\\route.js": {"lines":{"total":321,"covered":222,"skipped":0,"pct":69.15},"functions":{"total":3,"covered":2,"skipped":0,"pct":66.66},"statements":{"total":321,"covered":222,"skipped":0,"pct":69.15},"branches":{"total":34,"covered":28,"skipped":0,"pct":82.35}}
,"C:\\Users\\denis\\VSProjects\\Marketplace\\src\\components\\about\\AboutPage.js": {"lines":{"total":60,"covered":60,"skipped":0,"pct":100},"functions":{"total":1,"covered":1,"skipped":0,"pct":100},"statements":{"total":60,"covered":60,"skipped":0,"pct":100},"branches":{"total":1,"covered":1,"skipped":0,"pct":100}}
,"C:\\Users\\denis\\VSProjects\\Marketplace\\src\\components\\auth\\AccessControl.js": {"lines":{"total":153,"covered":151,"skipped":0,"pct":98.69},"functions":{"total":4,"covered":4,"skipped":0,"pct":100},"statements":{"total":153,"covered":151,"skipped":0,"pct":98.69},"branches":{"total":50,"covered":48,"skipped":0,"pct":96}}
,"C:\\Users\\denis\\VSProjects\\Marketplace\\src\\components\\auth\\InstitutionalLogin.js": {"lines":{"total":57,"covered":56,"skipped":0,"pct":98.24},"functions":{"total":2,"covered":2,"skipped":0,"pct":100},"statements":{"total":57,"covered":56,"skipped":0,"pct":98.24},"branches":{"total":3,"covered":2,"skipped":0,"pct":66.66}}
,"C:\\Users\\denis\\VSProjects\\Marketplace\\src\\components\\auth\\InstitutionalOnboardingModal.js": {"lines":{"total":374,"covered":362,"skipped":0,"pct":96.79},"functions":{"total":7,"covered":6,"skipped":0,"pct":85.71},"statements":{"total":374,"covered":362,"skipped":0,"pct":96.79},"branches":{"total":27,"covered":24,"skipped":0,"pct":88.88}}
,"C:\\Users\\denis\\VSProjects\\Marketplace\\src\\components\\auth\\InstitutionalOnboardingWrapper.js": {"lines":{"total":45,"covered":45,"skipped":0,"pct":100},"functions":{"total":1,"covered":1,"skipped":0,"pct":100},"statements":{"total":45,"covered":45,"skipped":0,"pct":100},"branches":{"total":2,"covered":2,"skipped":0,"pct":100}}
,"C:\\Users\\denis\\VSProjects\\Marketplace\\src\\components\\auth\\Login.js": {"lines":{"total":86,"covered":86,"skipped":0,"pct":100},"functions":{"total":4,"covered":4,"skipped":0,"pct":100},"statements":{"total":86,"covered":86,"skipped":0,"pct":100},"branches":{"total":18,"covered":18,"skipped":0,"pct":100}}
,"C:\\Users\\denis\\VSProjects\\Marketplace\\src\\components\\auth\\WalletLogin.js": {"lines":{"total":213,"covered":213,"skipped":0,"pct":100},"functions":{"total":8,"covered":8,"skipped":0,"pct":100},"statements":{"total":213,"covered":213,"skipped":0,"pct":100},"branches":{"total":31,"covered":31,"skipped":0,"pct":100}}
,"C:\\Users\\denis\\VSProjects\\Marketplace\\src\\components\\booking\\CalendarWithBookings.js": {"lines":{"total":112,"covered":112,"skipped":0,"pct":100},"functions":{"total":5,"covered":5,"skipped":0,"pct":100},"statements":{"total":112,"covered":112,"skipped":0,"pct":100},"branches":{"total":15,"covered":14,"skipped":0,"pct":93.33}}
,"C:\\Users\\denis\\VSProjects\\Marketplace\\src\\components\\contact\\ContactPage.js": {"lines":{"total":55,"covered":55,"skipped":0,"pct":100},"functions":{"total":2,"covered":2,"skipped":0,"pct":100},"statements":{"total":55,"covered":55,"skipped":0,"pct":100},"branches":{"total":2,"covered":2,"skipped":0,"pct":100}}
,"C:\\Users\\denis\\VSProjects\\Marketplace\\src\\components\\dashboard\\provider\\LabFormFullSetup.js": {"lines":{"total":1007,"covered":944,"skipped":0,"pct":93.74},"functions":{"total":55,"covered":35,"skipped":0,"pct":63.63},"statements":{"total":1007,"covered":944,"skipped":0,"pct":93.74},"branches":{"total":141,"covered":116,"skipped":0,"pct":82.26}}
,"C:\\Users\\denis\\VSProjects\\Marketplace\\src\\components\\dashboard\\provider\\LabFormQuickSetup.js": {"lines":{"total":131,"covered":131,"skipped":0,"pct":100},"functions":{"total":6,"covered":6,"skipped":0,"pct":100},"statements":{"total":131,"covered":131,"skipped":0,"pct":100},"branches":{"total":21,"covered":21,"skipped":0,"pct":100}}
,"C:\\Users\\denis\\VSProjects\\Marketplace\\src\\components\\dashboard\\provider\\LabFormWizard.js": {"lines":{"total":356,"covered":326,"skipped":0,"pct":91.57},"functions":{"total":3,"covered":3,"skipped":0,"pct":100},"statements":{"total":356,"covered":326,"skipped":0,"pct":91.57},"branches":{"total":31,"covered":27,"skipped":0,"pct":87.09}}
,"C:\\Users\\denis\\VSProjects\\Marketplace\\src\\components\\dashboard\\provider\\LabManagementActions.js": {"lines":{"total":71,"covered":71,"skipped":0,"pct":100},"functions":{"total":2,"covered":2,"skipped":0,"pct":100},"statements":{"total":71,"covered":71,"skipped":0,"pct":100},"branches":{"total":3,"covered":3,"skipped":0,"pct":100}}
,"C:\\Users\\denis\\VSProjects\\Marketplace\\src\\components\\dashboard\\provider\\LabModal.js": {"lines":{"total":768,"covered":577,"skipped":0,"pct":75.13},"functions":{"total":23,"covered":20,"skipped":0,"pct":86.95},"statements":{"total":768,"covered":577,"skipped":0,"pct":75.13},"branches":{"total":178,"covered":145,"skipped":0,"pct":81.46}}
,"C:\\Users\\denis\\VSProjects\\Marketplace\\src\\components\\dashboard\\provider\\ProviderActions.js": {"lines":{"total":64,"covered":64,"skipped":0,"pct":100},"functions":{"total":1,"covered":1,"skipped":0,"pct":100},"statements":{"total":64,"covered":64,"skipped":0,"pct":100},"branches":{"total":2,"covered":1,"skipped":0,"pct":50}}
,"C:\\Users\\denis\\VSProjects\\Marketplace\\src\\components\\dashboard\\provider\\ProviderDashboardPage.js": {"lines":{"total":1181,"covered":990,"skipped":0,"pct":83.82},"functions":{"total":20,"covered":18,"skipped":0,"pct":90},"statements":{"total":1181,"covered":990,"skipped":0,"pct":83.82},"branches":{"total":247,"covered":150,"skipped":0,"pct":60.72}}
,"C:\\Users\\denis\\VSProjects\\Marketplace\\src\\components\\dashboard\\provider\\ProviderLabItem.js": {"lines":{"total":154,"covered":154,"skipped":0,"pct":100},"functions":{"total":4,"covered":4,"skipped":0,"pct":100},"statements":{"total":154,"covered":154,"skipped":0,"pct":100},"branches":{"total":42,"covered":42,"skipped":0,"pct":100}}
,"C:\\Users\\denis\\VSProjects\\Marketplace\\src\\components\\dashboard\\provider\\ProviderLabsList.js": {"lines":{"total":107,"covered":107,"skipped":0,"pct":100},"functions":{"total":1,"covered":1,"skipped":0,"pct":100},"statements":{"total":107,"covered":107,"skipped":0,"pct":100},"branches":{"total":7,"covered":7,"skipped":0,"pct":100}}
,"C:\\Users\\denis\\VSProjects\\Marketplace\\src\\components\\dashboard\\provider\\ReservationsCalendar.js": {"lines":{"total":59,"covered":59,"skipped":0,"pct":100},"functions":{"total":2,"covered":2,"skipped":0,"pct":100},"statements":{"total":59,"covered":59,"skipped":0,"pct":100},"branches":{"total":2,"covered":2,"skipped":0,"pct":100}}
,"C:\\Users\\denis\\VSProjects\\Marketplace\\src\\components\\dashboard\\provider\\staking\\PendingPayoutsPanel.js": {"lines":{"total":195,"covered":182,"skipped":0,"pct":93.33},"functions":{"total":3,"covered":3,"skipped":0,"pct":100},"statements":{"total":195,"covered":182,"skipped":0,"pct":93.33},"branches":{"total":29,"covered":16,"skipped":0,"pct":55.17}}
,"C:\\Users\\denis\\VSProjects\\Marketplace\\src\\components\\dashboard\\provider\\staking\\ProviderStakingCompactCard.js": {"lines":{"total":48,"covered":48,"skipped":0,"pct":100},"functions":{"total":1,"covered":1,"skipped":0,"pct":100},"statements":{"total":48,"covered":48,"skipped":0,"pct":100},"branches":{"total":4,"covered":3,"skipped":0,"pct":75}}
,"C:\\Users\\denis\\VSProjects\\Marketplace\\src\\components\\dashboard\\provider\\staking\\ProviderStakingModal.js": {"lines":{"total":55,"covered":55,"skipped":0,"pct":100},"functions":{"total":1,"covered":1,"skipped":0,"pct":100},"statements":{"total":55,"covered":55,"skipped":0,"pct":100},"branches":{"total":1,"covered":1,"skipped":0,"pct":100}}
,"C:\\Users\\denis\\VSProjects\\Marketplace\\src\\components\\dashboard\\provider\\staking\\ProviderStakingPanel.js": {"lines":{"total":362,"covered":288,"skipped":0,"pct":79.55},"functions":{"total":4,"covered":3,"skipped":0,"pct":75},"statements":{"total":362,"covered":288,"skipped":0,"pct":79.55},"branches":{"total":38,"covered":15,"skipped":0,"pct":39.47}}
,"C:\\Users\\denis\\VSProjects\\Marketplace\\src\\components\\dashboard\\provider\\staking\\StakeHealthIndicator.js": {"lines":{"total":146,"covered":146,"skipped":0,"pct":100},"functions":{"total":2,"covered":2,"skipped":0,"pct":100},"statements":{"total":146,"covered":146,"skipped":0,"pct":100},"branches":{"total":26,"covered":26,"skipped":0,"pct":100}}
,"C:\\Users\\denis\\VSProjects\\Marketplace\\src\\components\\dashboard\\user\\ActiveBookingSection.js": {"lines":{"total":112,"covered":112,"skipped":0,"pct":100},"functions":{"total":3,"covered":3,"skipped":0,"pct":100},"statements":{"total":112,"covered":112,"skipped":0,"pct":100},"branches":{"total":33,"covered":26,"skipped":0,"pct":78.78}}
,"C:\\Users\\denis\\VSProjects\\Marketplace\\src\\components\\dashboard\\user\\ActiveLabCard.js": {"lines":{"total":217,"covered":207,"skipped":0,"pct":95.39},"functions":{"total":4,"covered":4,"skipped":0,"pct":100},"statements":{"total":217,"covered":207,"skipped":0,"pct":95.39},"branches":{"total":55,"covered":48,"skipped":0,"pct":87.27}}
,"C:\\Users\\denis\\VSProjects\\Marketplace\\src\\components\\dashboard\\user\\BookingSummarySection.js": {"lines":{"total":112,"covered":112,"skipped":0,"pct":100},"functions":{"total":1,"covered":1,"skipped":0,"pct":100},"statements":{"total":112,"covered":112,"skipped":0,"pct":100},"branches":{"total":12,"covered":12,"skipped":0,"pct":100}}
,"C:\\Users\\denis\\VSProjects\\Marketplace\\src\\components\\dashboard\\user\\BookingsList.js": {"lines":{"total":305,"covered":275,"skipped":0,"pct":90.16},"functions":{"total":6,"covered":5,"skipped":0,"pct":83.33},"statements":{"total":305,"covered":275,"skipped":0,"pct":90.16},"branches":{"total":71,"covered":60,"skipped":0,"pct":84.5}}
,"C:\\Users\\denis\\VSProjects\\Marketplace\\src\\components\\dashboard\\user\\DashboardHeader.js": {"lines":{"total":25,"covered":25,"skipped":0,"pct":100},"functions":{"total":1,"covered":1,"skipped":0,"pct":100},"statements":{"total":25,"covered":25,"skipped":0,"pct":100},"branches":{"total":1,"covered":1,"skipped":0,"pct":100}}
,"C:\\Users\\denis\\VSProjects\\Marketplace\\src\\components\\dashboard\\user\\InstitutionInviteCard.js": {"lines":{"total":496,"covered":394,"skipped":0,"pct":79.43},"functions":{"total":8,"covered":5,"skipped":0,"pct":62.5},"statements":{"total":496,"covered":394,"skipped":0,"pct":79.43},"branches":{"total":77,"covered":45,"skipped":0,"pct":58.44}}
,"C:\\Users\\denis\\VSProjects\\Marketplace\\src\\components\\dashboard\\user\\LabBookingItem.js": {"lines":{"total":242,"covered":234,"skipped":0,"pct":96.69},"functions":{"total":9,"covered":9,"skipped":0,"pct":100},"statements":{"total":242,"covered":234,"skipped":0,"pct":96.69},"branches":{"total":63,"covered":58,"skipped":0,"pct":92.06}}
,"C:\\Users\\denis\\VSProjects\\Marketplace\\src\\components\\dashboard\\user\\UserDashboardPage.js": {"lines":{"total":579,"covered":528,"skipped":0,"pct":91.19},"functions":{"total":14,"covered":10,"skipped":0,"pct":71.42},"statements":{"total":579,"covered":528,"skipped":0,"pct":91.19},"branches":{"total":99,"covered":78,"skipped":0,"pct":78.78}}
,"C:\\Users\\denis\\VSProjects\\Marketplace\\src\\components\\faq\\FAQPage.js": {"lines":{"total":99,"covered":99,"skipped":0,"pct":100},"functions":{"total":1,"covered":1,"skipped":0,"pct":100},"statements":{"total":99,"covered":99,"skipped":0,"pct":100},"branches":{"total":2,"covered":2,"skipped":0,"pct":100}}
,"C:\\Users\\denis\\VSProjects\\Marketplace\\src\\components\\home\\LabAccess.js": {"lines":{"total":172,"covered":160,"skipped":0,"pct":93.02},"functions":{"total":3,"covered":3,"skipped":0,"pct":100},"statements":{"total":172,"covered":160,"skipped":0,"pct":93.02},"branches":{"total":40,"covered":33,"skipped":0,"pct":82.5}}
,"C:\\Users\\denis\\VSProjects\\Marketplace\\src\\components\\home\\LabCard.js": {"lines":{"total":202,"covered":202,"skipped":0,"pct":100},"functions":{"total":1,"covered":1,"skipped":0,"pct":100},"statements":{"total":202,"covered":202,"skipped":0,"pct":100},"branches":{"total":34,"covered":32,"skipped":0,"pct":94.11}}
,"C:\\Users\\denis\\VSProjects\\Marketplace\\src\\components\\home\\LabFilters.js": {"lines":{"total":215,"covered":215,"skipped":0,"pct":100},"functions":{"total":8,"covered":8,"skipped":0,"pct":100},"statements":{"total":215,"covered":215,"skipped":0,"pct":100},"branches":{"total":20,"covered":19,"skipped":0,"pct":95}}
,"C:\\Users\\denis\\VSProjects\\Marketplace\\src\\components\\home\\LabGrid.js": {"lines":{"total":106,"covered":106,"skipped":0,"pct":100},"functions":{"total":1,"covered":1,"skipped":0,"pct":100},"statements":{"total":106,"covered":106,"skipped":0,"pct":100},"branches":{"total":14,"covered":14,"skipped":0,"pct":100}}
,"C:\\Users\\denis\\VSProjects\\Marketplace\\src\\components\\home\\Market.js": {"lines":{"total":190,"covered":178,"skipped":0,"pct":93.68},"functions":{"total":2,"covered":1,"skipped":0,"pct":50},"statements":{"total":190,"covered":178,"skipped":0,"pct":93.68},"branches":{"total":22,"covered":13,"skipped":0,"pct":59.09}}
,"C:\\Users\\denis\\VSProjects\\Marketplace\\src\\components\\lab\\LabDetail.js": {"lines":{"total":250,"covered":243,"skipped":0,"pct":97.2},"functions":{"total":5,"covered":4,"skipped":0,"pct":80},"statements":{"total":250,"covered":243,"skipped":0,"pct":97.2},"branches":{"total":56,"covered":50,"skipped":0,"pct":89.28}}
,"C:\\Users\\denis\\VSProjects\\Marketplace\\src\\components\\layout\\AppProviders.js": {"lines":{"total":84,"covered":82,"skipped":0,"pct":97.61},"functions":{"total":2,"covered":2,"skipped":0,"pct":100},"statements":{"total":84,"covered":82,"skipped":0,"pct":97.61},"branches":{"total":5,"covered":2,"skipped":0,"pct":40}}
,"C:\\Users\\denis\\VSProjects\\Marketplace\\src\\components\\layout\\ClientOnly.js": {"lines":{"total":35,"covered":35,"skipped":0,"pct":100},"functions":{"total":1,"covered":1,"skipped":0,"pct":100},"statements":{"total":35,"covered":35,"skipped":0,"pct":100},"branches":{"total":3,"covered":3,"skipped":0,"pct":100}}
,"C:\\Users\\denis\\VSProjects\\Marketplace\\src\\components\\layout\\DataRefreshIndicator.js": {"lines":{"total":54,"covered":54,"skipped":0,"pct":100},"functions":{"total":2,"covered":2,"skipped":0,"pct":100},"statements":{"total":54,"covered":54,"skipped":0,"pct":100},"branches":{"total":7,"covered":7,"skipped":0,"pct":100}}
,"C:\\Users\\denis\\VSProjects\\Marketplace\\src\\components\\layout\\Footer.js": {"lines":{"total":102,"covered":102,"skipped":0,"pct":100},"functions":{"total":1,"covered":1,"skipped":0,"pct":100},"statements":{"total":102,"covered":102,"skipped":0,"pct":100},"branches":{"total":1,"covered":1,"skipped":0,"pct":100}}
,"C:\\Users\\denis\\VSProjects\\Marketplace\\src\\components\\layout\\GlobalNotificationStack.js": {"lines":{"total":78,"covered":78,"skipped":0,"pct":100},"functions":{"total":4,"covered":4,"skipped":0,"pct":100},"statements":{"total":78,"covered":78,"skipped":0,"pct":100},"branches":{"total":9,"covered":7,"skipped":0,"pct":77.77}}
,"C:\\Users\\denis\\VSProjects\\Marketplace\\src\\components\\layout\\Navbar.js": {"lines":{"total":190,"covered":190,"skipped":0,"pct":100},"functions":{"total":5,"covered":5,"skipped":0,"pct":100},"statements":{"total":190,"covered":190,"skipped":0,"pct":100},"branches":{"total":41,"covered":36,"skipped":0,"pct":87.8}}
,"C:\\Users\\denis\\VSProjects\\Marketplace\\src\\components\\layout\\PopupBlockerModal.js": {"lines":{"total":127,"covered":125,"skipped":0,"pct":98.42},"functions":{"total":6,"covered":6,"skipped":0,"pct":100},"statements":{"total":127,"covered":125,"skipped":0,"pct":98.42},"branches":{"total":39,"covered":34,"skipped":0,"pct":87.17}}
,"C:\\Users\\denis\\VSProjects\\Marketplace\\src\\components\\register\\InstitutionProviderRegister.js": {"lines":{"total":169,"covered":166,"skipped":0,"pct":98.22},"functions":{"total":2,"covered":2,"skipped":0,"pct":100},"statements":{"total":169,"covered":166,"skipped":0,"pct":98.22},"branches":{"total":19,"covered":13,"skipped":0,"pct":68.42}}
,"C:\\Users\\denis\\VSProjects\\Marketplace\\src\\components\\register\\ProviderAccessDenied.js": {"lines":{"total":40,"covered":40,"skipped":0,"pct":100},"functions":{"total":1,"covered":1,"skipped":0,"pct":100},"statements":{"total":40,"covered":40,"skipped":0,"pct":100},"branches":{"total":2,"covered":2,"skipped":0,"pct":100}}
,"C:\\Users\\denis\\VSProjects\\Marketplace\\src\\components\\register\\ProviderRegisterForm.js": {"lines":{"total":245,"covered":243,"skipped":0,"pct":99.18},"functions":{"total":6,"covered":6,"skipped":0,"pct":100},"statements":{"total":245,"covered":243,"skipped":0,"pct":99.18},"branches":{"total":38,"covered":32,"skipped":0,"pct":84.21}}
,"C:\\Users\\denis\\VSProjects\\Marketplace\\src\\components\\register\\RegisterPage.js": {"lines":{"total":336,"covered":307,"skipped":0,"pct":91.36},"functions":{"total":12,"covered":2,"skipped":0,"pct":16.66},"statements":{"total":336,"covered":307,"skipped":0,"pct":91.36},"branches":{"total":34,"covered":25,"skipped":0,"pct":73.52}}
,"C:\\Users\\denis\\VSProjects\\Marketplace\\src\\components\\reservation\\BookingCalendarSection.js": {"lines":{"total":203,"covered":202,"skipped":0,"pct":99.5},"functions":{"total":4,"covered":4,"skipped":0,"pct":100},"statements":{"total":203,"covered":202,"skipped":0,"pct":99.5},"branches":{"total":45,"covered":39,"skipped":0,"pct":86.66}}
,"C:\\Users\\denis\\VSProjects\\Marketplace\\src\\components\\reservation\\LabDetailsPanel.js": {"lines":{"total":103,"covered":103,"skipped":0,"pct":100},"functions":{"total":1,"covered":1,"skipped":0,"pct":100},"statements":{"total":103,"covered":103,"skipped":0,"pct":100},"branches":{"total":2,"covered":1,"skipped":0,"pct":50}}
,"C:\\Users\\denis\\VSProjects\\Marketplace\\src\\components\\reservation\\LabReservation.js": {"lines":{"total":572,"covered":524,"skipped":0,"pct":91.6},"functions":{"total":7,"covered":7,"skipped":0,"pct":100},"statements":{"total":572,"covered":524,"skipped":0,"pct":91.6},"branches":{"total":147,"covered":105,"skipped":0,"pct":71.42}}
,"C:\\Users\\denis\\VSProjects\\Marketplace\\src\\components\\reservation\\LabTokenInfo.js": {"lines":{"total":107,"covered":107,"skipped":0,"pct":100},"functions":{"total":1,"covered":1,"skipped":0,"pct":100},"statements":{"total":107,"covered":107,"skipped":0,"pct":100},"branches":{"total":18,"covered":18,"skipped":0,"pct":100}}
,"C:\\Users\\denis\\VSProjects\\Marketplace\\src\\components\\skeletons\\BookingListSkeleton.js": {"lines":{"total":82,"covered":82,"skipped":0,"pct":100},"functions":{"total":3,"covered":3,"skipped":0,"pct":100},"statements":{"total":82,"covered":82,"skipped":0,"pct":100},"branches":{"total":4,"covered":4,"skipped":0,"pct":100}}
,"C:\\Users\\denis\\VSProjects\\Marketplace\\src\\components\\skeletons\\DetailsSkeleton.js": {"lines":{"total":81,"covered":81,"skipped":0,"pct":100},"functions":{"total":2,"covered":2,"skipped":0,"pct":100},"statements":{"total":81,"covered":81,"skipped":0,"pct":100},"branches":{"total":4,"covered":4,"skipped":0,"pct":100}}
,"C:\\Users\\denis\\VSProjects\\Marketplace\\src\\components\\skeletons\\FormSkeleton.js": {"lines":{"total":75,"covered":75,"skipped":0,"pct":100},"functions":{"total":2,"covered":2,"skipped":0,"pct":100},"statements":{"total":75,"covered":75,"skipped":0,"pct":100},"branches":{"total":3,"covered":3,"skipped":0,"pct":100}}
,"C:\\Users\\denis\\VSProjects\\Marketplace\\src\\components\\skeletons\\LabCardSkeleton.js": {"lines":{"total":60,"covered":60,"skipped":0,"pct":100},"functions":{"total":2,"covered":2,"skipped":0,"pct":100},"statements":{"total":60,"covered":60,"skipped":0,"pct":100},"branches":{"total":3,"covered":3,"skipped":0,"pct":100}}
,"C:\\Users\\denis\\VSProjects\\Marketplace\\src\\components\\skeletons\\Skeleton.js": {"lines":{"total":126,"covered":126,"skipped":0,"pct":100},"functions":{"total":5,"covered":5,"skipped":0,"pct":100},"statements":{"total":126,"covered":126,"skipped":0,"pct":100},"branches":{"total":8,"covered":8,"skipped":0,"pct":100}}
,"C:\\Users\\denis\\VSProjects\\Marketplace\\src\\components\\skeletons\\index.js": {"lines":{"total":6,"covered":6,"skipped":0,"pct":100},"functions":{"total":0,"covered":0,"skipped":0,"pct":100},"statements":{"total":6,"covered":6,"skipped":0,"pct":100},"branches":{"total":0,"covered":0,"skipped":0,"pct":100}}
,"C:\\Users\\denis\\VSProjects\\Marketplace\\src\\components\\ui\\Button.js": {"lines":{"total":232,"covered":230,"skipped":0,"pct":99.13},"functions":{"total":3,"covered":3,"skipped":0,"pct":100},"statements":{"total":232,"covered":230,"skipped":0,"pct":99.13},"branches":{"total":13,"covered":12,"skipped":0,"pct":92.3}}
,"C:\\Users\\denis\\VSProjects\\Marketplace\\src\\components\\ui\\CalendarInput.js": {"lines":{"total":202,"covered":155,"skipped":0,"pct":76.73},"functions":{"total":7,"covered":2,"skipped":0,"pct":28.57},"statements":{"total":202,"covered":155,"skipped":0,"pct":76.73},"branches":{"total":16,"covered":9,"skipped":0,"pct":56.25}}
,"C:\\Users\\denis\\VSProjects\\Marketplace\\src\\components\\ui\\Carrousel.js": {"lines":{"total":156,"covered":156,"skipped":0,"pct":100},"functions":{"total":6,"covered":6,"skipped":0,"pct":100},"statements":{"total":156,"covered":156,"skipped":0,"pct":100},"branches":{"total":40,"covered":38,"skipped":0,"pct":95}}
,"C:\\Users\\denis\\VSProjects\\Marketplace\\src\\components\\ui\\ConfirmModal.js": {"lines":{"total":49,"covered":49,"skipped":0,"pct":100},"functions":{"total":1,"covered":1,"skipped":0,"pct":100},"statements":{"total":49,"covered":49,"skipped":0,"pct":100},"branches":{"total":1,"covered":1,"skipped":0,"pct":100}}
,"C:\\Users\\denis\\VSProjects\\Marketplace\\src\\components\\ui\\DocsCarrousel.js": {"lines":{"total":98,"covered":98,"skipped":0,"pct":100},"functions":{"total":5,"covered":5,"skipped":0,"pct":100},"statements":{"total":98,"covered":98,"skipped":0,"pct":100},"branches":{"total":17,"covered":16,"skipped":0,"pct":94.11}}
,"C:\\Users\\denis\\VSProjects\\Marketplace\\src\\components\\ui\\Feedback.js": {"lines":{"total":481,"covered":481,"skipped":0,"pct":100},"functions":{"total":7,"covered":7,"skipped":0,"pct":100},"statements":{"total":481,"covered":481,"skipped":0,"pct":100},"branches":{"total":30,"covered":30,"skipped":0,"pct":100}}
,"C:\\Users\\denis\\VSProjects\\Marketplace\\src\\components\\ui\\FileUploadManager.js": {"lines":{"total":297,"covered":296,"skipped":0,"pct":99.66},"functions":{"total":8,"covered":6,"skipped":0,"pct":75},"statements":{"total":297,"covered":296,"skipped":0,"pct":99.66},"branches":{"total":30,"covered":24,"skipped":0,"pct":80}}
,"C:\\Users\\denis\\VSProjects\\Marketplace\\src\\components\\ui\\Form.js": {"lines":{"total":452,"covered":452,"skipped":0,"pct":100},"functions":{"total":3,"covered":3,"skipped":0,"pct":100},"statements":{"total":452,"covered":452,"skipped":0,"pct":100},"branches":{"total":18,"covered":14,"skipped":0,"pct":77.77}}
,"C:\\Users\\denis\\VSProjects\\Marketplace\\src\\components\\ui\\LabImage.js": {"lines":{"total":159,"covered":151,"skipped":0,"pct":94.96},"functions":{"total":4,"covered":4,"skipped":0,"pct":100},"statements":{"total":159,"covered":151,"skipped":0,"pct":94.96},"branches":{"total":20,"covered":12,"skipped":0,"pct":60}}
,"C:\\Users\\denis\\VSProjects\\Marketplace\\src\\components\\ui\\Layout.js": {"lines":{"total":504,"covered":504,"skipped":0,"pct":100},"functions":{"total":10,"covered":10,"skipped":0,"pct":100},"statements":{"total":504,"covered":504,"skipped":0,"pct":100},"branches":{"total":22,"covered":20,"skipped":0,"pct":90.9}}
,"C:\\Users\\denis\\VSProjects\\Marketplace\\src\\components\\ui\\Modal.js": {"lines":{"total":185,"covered":185,"skipped":0,"pct":100},"functions":{"total":3,"covered":3,"skipped":0,"pct":100},"statements":{"total":185,"covered":185,"skipped":0,"pct":100},"branches":{"total":24,"covered":22,"skipped":0,"pct":91.66}}
,"C:\\Users\\denis\\VSProjects\\Marketplace\\src\\components\\ui\\index.js": {"lines":{"total":49,"covered":49,"skipped":0,"pct":100},"functions":{"total":0,"covered":0,"skipped":0,"pct":100},"statements":{"total":49,"covered":49,"skipped":0,"pct":100},"branches":{"total":0,"covered":0,"skipped":0,"pct":100}}
,"C:\\Users\\denis\\VSProjects\\Marketplace\\src\\components\\ui\\forms\\CategoryMultiSelect.js": {"lines":{"total":135,"covered":135,"skipped":0,"pct":100},"functions":{"total":8,"covered":7,"skipped":0,"pct":87.5},"statements":{"total":135,"covered":135,"skipped":0,"pct":100},"branches":{"total":32,"covered":30,"skipped":0,"pct":93.75}}
,"C:\\Users\\denis\\VSProjects\\Marketplace\\src\\components\\ui\\media\\DocPreviewList.js": {"lines":{"total":59,"covered":59,"skipped":0,"pct":100},"functions":{"total":2,"covered":2,"skipped":0,"pct":100},"statements":{"total":59,"covered":59,"skipped":0,"pct":100},"branches":{"total":6,"covered":6,"skipped":0,"pct":100}}
,"C:\\Users\\denis\\VSProjects\\Marketplace\\src\\components\\ui\\media\\ImagePreviewList.js": {"lines":{"total":47,"covered":47,"skipped":0,"pct":100},"functions":{"total":2,"covered":2,"skipped":0,"pct":100},"statements":{"total":47,"covered":47,"skipped":0,"pct":100},"branches":{"total":3,"covered":3,"skipped":0,"pct":100}}
,"C:\\Users\\denis\\VSProjects\\Marketplace\\src\\components\\ui\\media\\MediaDisplayWithFallback.js": {"lines":{"total":298,"covered":263,"skipped":0,"pct":88.25},"functions":{"total":6,"covered":5,"skipped":0,"pct":83.33},"statements":{"total":298,"covered":263,"skipped":0,"pct":88.25},"branches":{"total":56,"covered":42,"skipped":0,"pct":75}}
,"C:\\Users\\denis\\VSProjects\\Marketplace\\src\\constants\\labCategories.js": {"lines":{"total":239,"covered":239,"skipped":0,"pct":100},"functions":{"total":0,"covered":0,"skipped":0,"pct":100},"statements":{"total":239,"covered":239,"skipped":0,"pct":100},"branches":{"total":0,"covered":0,"skipped":0,"pct":100}}
,"C:\\Users\\denis\\VSProjects\\Marketplace\\src\\constants\\staking.js": {"lines":{"total":15,"covered":15,"skipped":0,"pct":100},"functions":{"total":0,"covered":0,"skipped":0,"pct":100},"statements":{"total":15,"covered":15,"skipped":0,"pct":100},"branches":{"total":0,"covered":0,"skipped":0,"pct":100}}
,"C:\\Users\\denis\\VSProjects\\Marketplace\\src\\context\\BookingEventContext.js": {"lines":{"total":739,"covered":670,"skipped":0,"pct":90.66},"functions":{"total":23,"covered":23,"skipped":0,"pct":100},"statements":{"total":739,"covered":670,"skipped":0,"pct":90.66},"branches":{"total":135,"covered":72,"skipped":0,"pct":53.33}}
,"C:\\Users\\denis\\VSProjects\\Marketplace\\src\\context\\ClientQueryProvider.js": {"lines":{"total":143,"covered":137,"skipped":0,"pct":95.8},"functions":{"total":8,"covered":4,"skipped":0,"pct":50},"statements":{"total":143,"covered":137,"skipped":0,"pct":95.8},"branches":{"total":28,"covered":23,"skipped":0,"pct":82.14}}
,"C:\\Users\\denis\\VSProjects\\Marketplace\\src\\context\\ClientWagmiProvider.js": {"lines":{"total":19,"covered":19,"skipped":0,"pct":100},"functions":{"total":1,"covered":1,"skipped":0,"pct":100},"statements":{"total":19,"covered":19,"skipped":0,"pct":100},"branches":{"total":1,"covered":1,"skipped":0,"pct":100}}
,"C:\\Users\\denis\\VSProjects\\Marketplace\\src\\context\\LabEventContext.js": {"lines":{"total":295,"covered":282,"skipped":0,"pct":95.59},"functions":{"total":12,"covered":12,"skipped":0,"pct":100},"statements":{"total":295,"covered":282,"skipped":0,"pct":95.59},"branches":{"total":47,"covered":39,"skipped":0,"pct":82.97}}
,"C:\\Users\\denis\\VSProjects\\Marketplace\\src\\context\\LabTokenContext.js": {"lines":{"total":171,"covered":165,"skipped":0,"pct":96.49},"functions":{"total":2,"covered":2,"skipped":0,"pct":100},"statements":{"total":171,"covered":165,"skipped":0,"pct":96.49},"branches":{"total":31,"covered":20,"skipped":0,"pct":64.51}}
,"C:\\Users\\denis\\VSProjects\\Marketplace\\src\\context\\NotificationContext.js": {"lines":{"total":524,"covered":486,"skipped":0,"pct":92.74},"functions":{"total":3,"covered":3,"skipped":0,"pct":100},"statements":{"total":524,"covered":486,"skipped":0,"pct":92.74},"branches":{"total":102,"covered":89,"skipped":0,"pct":87.25}}
,"C:\\Users\\denis\\VSProjects\\Marketplace\\src\\context\\OptimisticUIContext.js": {"lines":{"total":462,"covered":433,"skipped":0,"pct":93.72},"functions":{"total":4,"covered":4,"skipped":0,"pct":100},"statements":{"total":462,"covered":433,"skipped":0,"pct":93.72},"branches":{"total":88,"covered":66,"skipped":0,"pct":75}}
,"C:\\Users\\denis\\VSProjects\\Marketplace\\src\\context\\UserContext.js": {"lines":{"total":1102,"covered":853,"skipped":0,"pct":77.4},"functions":{"total":10,"covered":9,"skipped":0,"pct":90},"statements":{"total":1102,"covered":853,"skipped":0,"pct":77.4},"branches":{"total":232,"covered":178,"skipped":0,"pct":76.72}}
,"C:\\Users\\denis\\VSProjects\\Marketplace\\src\\context\\UserEventContext.js": {"lines":{"total":180,"covered":180,"skipped":0,"pct":100},"functions":{"total":6,"covered":6,"skipped":0,"pct":100},"statements":{"total":180,"covered":180,"skipped":0,"pct":100},"branches":{"total":15,"covered":14,"skipped":0,"pct":93.33}}
,"C:\\Users\\denis\\VSProjects\\Marketplace\\src\\hooks\\useLabToken.js": {"lines":{"total":569,"covered":438,"skipped":0,"pct":76.97},"functions":{"total":9,"covered":7,"skipped":0,"pct":77.77},"statements":{"total":569,"covered":438,"skipped":0,"pct":76.97},"branches":{"total":88,"covered":59,"skipped":0,"pct":67.04}}
,"C:\\Users\\denis\\VSProjects\\Marketplace\\src\\hooks\\booking\\useBookingAtomicMutations.js": {"lines":{"total":1153,"covered":992,"skipped":0,"pct":86.03},"functions":{"total":45,"covered":41,"skipped":0,"pct":91.11},"statements":{"total":1153,"covered":992,"skipped":0,"pct":86.03},"branches":{"total":233,"covered":139,"skipped":0,"pct":59.65}}
,"C:\\Users\\denis\\VSProjects\\Marketplace\\src\\hooks\\booking\\useBookingAtomicQueries.js": {"lines":{"total":1357,"covered":1060,"skipped":0,"pct":78.11},"functions":{"total":78,"covered":52,"skipped":0,"pct":66.66},"statements":{"total":1357,"covered":1060,"skipped":0,"pct":78.11},"branches":{"total":143,"covered":91,"skipped":0,"pct":63.63}}
,"C:\\Users\\denis\\VSProjects\\Marketplace\\src\\hooks\\booking\\useBookingCacheUpdates.js": {"lines":{"total":289,"covered":237,"skipped":0,"pct":82},"functions":{"total":4,"covered":4,"skipped":0,"pct":100},"statements":{"total":289,"covered":237,"skipped":0,"pct":82},"branches":{"total":69,"covered":48,"skipped":0,"pct":69.56}}
,"C:\\Users\\denis\\VSProjects\\Marketplace\\src\\hooks\\booking\\useBookingComposedQueries.js": {"lines":{"total":1096,"covered":989,"skipped":0,"pct":90.23},"functions":{"total":30,"covered":11,"skipped":0,"pct":36.66},"statements":{"total":1096,"covered":989,"skipped":0,"pct":90.23},"branches":{"total":289,"covered":225,"skipped":0,"pct":77.85}}
,"C:\\Users\\denis\\VSProjects\\Marketplace\\src\\hooks\\booking\\useBookingFilter.js": {"lines":{"total":78,"covered":72,"skipped":0,"pct":92.3},"functions":{"total":1,"covered":1,"skipped":0,"pct":100},"statements":{"total":78,"covered":72,"skipped":0,"pct":92.3},"branches":{"total":19,"covered":16,"skipped":0,"pct":84.21}}
,"C:\\Users\\denis\\VSProjects\\Marketplace\\src\\hooks\\booking\\useBookingSpecializedQueries.js": {"lines":{"total":543,"covered":503,"skipped":0,"pct":92.63},"functions":{"total":23,"covered":7,"skipped":0,"pct":30.43},"statements":{"total":543,"covered":503,"skipped":0,"pct":92.63},"branches":{"total":128,"covered":92,"skipped":0,"pct":71.87}}
,"C:\\Users\\denis\\VSProjects\\Marketplace\\src\\hooks\\booking\\useBookings.js": {"lines":{"total":22,"covered":22,"skipped":0,"pct":100},"functions":{"total":0,"covered":0,"skipped":0,"pct":100},"statements":{"total":22,"covered":22,"skipped":0,"pct":100},"branches":{"total":0,"covered":0,"skipped":0,"pct":100}}
,"C:\\Users\\denis\\VSProjects\\Marketplace\\src\\hooks\\booking\\utils\\createPendingBookingPayload.js": {"lines":{"total":86,"covered":85,"skipped":0,"pct":98.83},"functions":{"total":4,"covered":4,"skipped":0,"pct":100},"statements":{"total":86,"covered":85,"skipped":0,"pct":98.83},"branches":{"total":32,"covered":20,"skipped":0,"pct":62.5}}
,"C:\\Users\\denis\\VSProjects\\Marketplace\\src\\hooks\\contract\\useContractWriteFunction.js": {"lines":{"total":84,"covered":79,"skipped":0,"pct":94.04},"functions":{"total":2,"covered":2,"skipped":0,"pct":100},"statements":{"total":84,"covered":79,"skipped":0,"pct":94.04},"branches":{"total":9,"covered":6,"skipped":0,"pct":66.66}}
,"C:\\Users\\denis\\VSProjects\\Marketplace\\src\\hooks\\contract\\useDefaultReadContract.js": {"lines":{"total":77,"covered":75,"skipped":0,"pct":97.4},"functions":{"total":1,"covered":1,"skipped":0,"pct":100},"statements":{"total":77,"covered":75,"skipped":0,"pct":97.4},"branches":{"total":13,"covered":11,"skipped":0,"pct":84.61}}
,"C:\\Users\\denis\\VSProjects\\Marketplace\\src\\hooks\\lab\\labEnrichmentHelpers.js": {"lines":{"total":189,"covered":171,"skipped":0,"pct":90.47},"functions":{"total":7,"covered":6,"skipped":0,"pct":85.71},"statements":{"total":189,"covered":171,"skipped":0,"pct":90.47},"branches":{"total":65,"covered":41,"skipped":0,"pct":63.07}}
,"C:\\Users\\denis\\VSProjects\\Marketplace\\src\\hooks\\lab\\useLabAtomicMutations.js": {"lines":{"total":1294,"covered":1075,"skipped":0,"pct":83.07},"functions":{"total":63,"covered":59,"skipped":0,"pct":93.65},"statements":{"total":1294,"covered":1075,"skipped":0,"pct":83.07},"branches":{"total":222,"covered":119,"skipped":0,"pct":53.6}}
,"C:\\Users\\denis\\VSProjects\\Marketplace\\src\\hooks\\lab\\useLabAtomicQueries.js": {"lines":{"total":751,"covered":566,"skipped":0,"pct":75.36},"functions":{"total":48,"covered":32,"skipped":0,"pct":66.66},"statements":{"total":751,"covered":566,"skipped":0,"pct":75.36},"branches":{"total":90,"covered":60,"skipped":0,"pct":66.66}}
,"C:\\Users\\denis\\VSProjects\\Marketplace\\src\\hooks\\lab\\useLabCacheUpdates.js": {"lines":{"total":208,"covered":200,"skipped":0,"pct":96.15},"functions":{"total":5,"covered":5,"skipped":0,"pct":100},"statements":{"total":208,"covered":200,"skipped":0,"pct":96.15},"branches":{"total":57,"covered":42,"skipped":0,"pct":73.68}}
,"C:\\Users\\denis\\VSProjects\\Marketplace\\src\\hooks\\lab\\useLabFilters.js": {"lines":{"total":221,"covered":213,"skipped":0,"pct":96.38},"functions":{"total":2,"covered":2,"skipped":0,"pct":100},"statements":{"total":221,"covered":213,"skipped":0,"pct":96.38},"branches":{"total":60,"covered":51,"skipped":0,"pct":85}}
,"C:\\Users\\denis\\VSProjects\\Marketplace\\src\\hooks\\lab\\useLabSpecializedQueries.js": {"lines":{"total":868,"covered":703,"skipped":0,"pct":80.99},"functions":{"total":39,"covered":24,"skipped":0,"pct":61.53},"statements":{"total":868,"covered":703,"skipped":0,"pct":80.99},"branches":{"total":179,"covered":139,"skipped":0,"pct":77.65}}
,"C:\\Users\\denis\\VSProjects\\Marketplace\\src\\hooks\\lab\\useLabValidation.js": {"lines":{"total":208,"covered":188,"skipped":0,"pct":90.38},"functions":{"total":1,"covered":1,"skipped":0,"pct":100},"statements":{"total":208,"covered":188,"skipped":0,"pct":90.38},"branches":{"total":29,"covered":29,"skipped":0,"pct":100}}
,"C:\\Users\\denis\\VSProjects\\Marketplace\\src\\hooks\\lab\\useLabs.js": {"lines":{"total":20,"covered":20,"skipped":0,"pct":100},"functions":{"total":0,"covered":0,"skipped":0,"pct":100},"statements":{"total":20,"covered":20,"skipped":0,"pct":100},"branches":{"total":0,"covered":0,"skipped":0,"pct":100}}
,"C:\\Users\\denis\\VSProjects\\Marketplace\\src\\hooks\\metadata\\imageToBase64.js": {"lines":{"total":44,"covered":42,"skipped":0,"pct":95.45},"functions":{"total":3,"covered":3,"skipped":0,"pct":100},"statements":{"total":44,"covered":42,"skipped":0,"pct":95.45},"branches":{"total":9,"covered":8,"skipped":0,"pct":88.88}}
,"C:\\Users\\denis\\VSProjects\\Marketplace\\src\\hooks\\metadata\\useLabImage.js": {"lines":{"total":333,"covered":301,"skipped":0,"pct":90.39},"functions":{"total":19,"covered":10,"skipped":0,"pct":52.63},"statements":{"total":333,"covered":301,"skipped":0,"pct":90.39},"branches":{"total":42,"covered":41,"skipped":0,"pct":97.61}}
,"C:\\Users\\denis\\VSProjects\\Marketplace\\src\\hooks\\metadata\\useMetadata.js": {"lines":{"total":109,"covered":90,"skipped":0,"pct":82.56},"functions":{"total":2,"covered":2,"skipped":0,"pct":100},"statements":{"total":109,"covered":90,"skipped":0,"pct":82.56},"branches":{"total":8,"covered":4,"skipped":0,"pct":50}}
,"C:\\Users\\denis\\VSProjects\\Marketplace\\src\\hooks\\provider\\useProvider.js": {"lines":{"total":337,"covered":316,"skipped":0,"pct":93.76},"functions":{"total":15,"covered":15,"skipped":0,"pct":100},"statements":{"total":337,"covered":316,"skipped":0,"pct":93.76},"branches":{"total":63,"covered":46,"skipped":0,"pct":73.01}}
,"C:\\Users\\denis\\VSProjects\\Marketplace\\src\\hooks\\reservation\\flowTracking.js": {"lines":{"total":53,"covered":50,"skipped":0,"pct":94.33},"functions":{"total":3,"covered":3,"skipped":0,"pct":100},"statements":{"total":53,"covered":50,"skipped":0,"pct":94.33},"branches":{"total":28,"covered":23,"skipped":0,"pct":82.14}}
,"C:\\Users\\denis\\VSProjects\\Marketplace\\src\\hooks\\reservation\\useLabReservationState.js": {"lines":{"total":728,"covered":564,"skipped":0,"pct":77.47},"functions":{"total":7,"covered":7,"skipped":0,"pct":100},"statements":{"total":728,"covered":564,"skipped":0,"pct":77.47},"branches":{"total":187,"covered":134,"skipped":0,"pct":71.65}}
,"C:\\Users\\denis\\VSProjects\\Marketplace\\src\\hooks\\reservation\\useReservationButtonState.js": {"lines":{"total":64,"covered":64,"skipped":0,"pct":100},"functions":{"total":1,"covered":1,"skipped":0,"pct":100},"statements":{"total":64,"covered":64,"skipped":0,"pct":100},"branches":{"total":29,"covered":29,"skipped":0,"pct":100}}
,"C:\\Users\\denis\\VSProjects\\Marketplace\\src\\hooks\\reservation\\useSsoReservationFlow.js": {"lines":{"total":102,"covered":101,"skipped":0,"pct":99.01},"functions":{"total":2,"covered":2,"skipped":0,"pct":100},"statements":{"total":102,"covered":101,"skipped":0,"pct":99.01},"branches":{"total":37,"covered":35,"skipped":0,"pct":94.59}}
,"C:\\Users\\denis\\VSProjects\\Marketplace\\src\\hooks\\reservation\\useWalletReservationFlow.js": {"lines":{"total":97,"covered":96,"skipped":0,"pct":98.96},"functions":{"total":2,"covered":2,"skipped":0,"pct":100},"statements":{"total":97,"covered":96,"skipped":0,"pct":98.96},"branches":{"total":37,"covered":35,"skipped":0,"pct":94.59}}
,"C:\\Users\\denis\\VSProjects\\Marketplace\\src\\hooks\\staking\\useStaking.js": {"lines":{"total":11,"covered":11,"skipped":0,"pct":100},"functions":{"total":0,"covered":0,"skipped":0,"pct":100},"statements":{"total":11,"covered":11,"skipped":0,"pct":100},"branches":{"total":0,"covered":0,"skipped":0,"pct":100}}
,"C:\\Users\\denis\\VSProjects\\Marketplace\\src\\hooks\\staking\\useStakingAtomicMutations.js": {"lines":{"total":210,"covered":206,"skipped":0,"pct":98.09},"functions":{"total":10,"covered":10,"skipped":0,"pct":100},"statements":{"total":210,"covered":206,"skipped":0,"pct":98.09},"branches":{"total":18,"covered":16,"skipped":0,"pct":88.88}}
,"C:\\Users\\denis\\VSProjects\\Marketplace\\src\\hooks\\staking\\useStakingAtomicQueries.js": {"lines":{"total":383,"covered":333,"skipped":0,"pct":86.94},"functions":{"total":17,"covered":13,"skipped":0,"pct":76.47},"statements":{"total":383,"covered":333,"skipped":0,"pct":86.94},"branches":{"total":68,"covered":51,"skipped":0,"pct":75}}
,"C:\\Users\\denis\\VSProjects\\Marketplace\\src\\hooks\\user\\useInstitutionResolve.js": {"lines":{"total":59,"covered":57,"skipped":0,"pct":96.61},"functions":{"total":4,"covered":4,"skipped":0,"pct":100},"statements":{"total":59,"covered":57,"skipped":0,"pct":96.61},"branches":{"total":8,"covered":7,"skipped":0,"pct":87.5}}
,"C:\\Users\\denis\\VSProjects\\Marketplace\\src\\hooks\\user\\useInstitutionalOnboarding.js": {"lines":{"total":822,"covered":657,"skipped":0,"pct":79.92},"functions":{"total":8,"covered":6,"skipped":0,"pct":75},"statements":{"total":822,"covered":657,"skipped":0,"pct":79.92},"branches":{"total":173,"covered":120,"skipped":0,"pct":69.36}}
,"C:\\Users\\denis\\VSProjects\\Marketplace\\src\\hooks\\user\\useOnboardingSession.js": {"lines":{"total":49,"covered":46,"skipped":0,"pct":93.87},"functions":{"total":3,"covered":3,"skipped":0,"pct":100},"statements":{"total":49,"covered":46,"skipped":0,"pct":93.87},"branches":{"total":4,"covered":3,"skipped":0,"pct":75}}
,"C:\\Users\\denis\\VSProjects\\Marketplace\\src\\hooks\\user\\useUserAtomicMutations.js": {"lines":{"total":163,"covered":159,"skipped":0,"pct":97.54},"functions":{"total":14,"covered":12,"skipped":0,"pct":85.71},"statements":{"total":163,"covered":159,"skipped":0,"pct":97.54},"branches":{"total":15,"covered":15,"skipped":0,"pct":100}}
,"C:\\Users\\denis\\VSProjects\\Marketplace\\src\\hooks\\user\\useUserAtomicQueries.js": {"lines":{"total":256,"covered":235,"skipped":0,"pct":91.79},"functions":{"total":12,"covered":12,"skipped":0,"pct":100},"statements":{"total":256,"covered":235,"skipped":0,"pct":91.79},"branches":{"total":34,"covered":26,"skipped":0,"pct":76.47}}
,"C:\\Users\\denis\\VSProjects\\Marketplace\\src\\hooks\\user\\useUserCacheUpdates.js": {"lines":{"total":219,"covered":213,"skipped":0,"pct":97.26},"functions":{"total":1,"covered":1,"skipped":0,"pct":100},"statements":{"total":219,"covered":213,"skipped":0,"pct":97.26},"branches":{"total":46,"covered":41,"skipped":0,"pct":89.13}}
,"C:\\Users\\denis\\VSProjects\\Marketplace\\src\\hooks\\user\\useUserComposedQueries.js": {"lines":{"total":328,"covered":277,"skipped":0,"pct":84.45},"functions":{"total":12,"covered":7,"skipped":0,"pct":58.33},"statements":{"total":328,"covered":277,"skipped":0,"pct":84.45},"branches":{"total":49,"covered":30,"skipped":0,"pct":61.22}}
,"C:\\Users\\denis\\VSProjects\\Marketplace\\src\\hooks\\user\\useUsers.js": {"lines":{"total":69,"covered":69,"skipped":0,"pct":100},"functions":{"total":0,"covered":0,"skipped":0,"pct":100},"statements":{"total":69,"covered":69,"skipped":0,"pct":100},"branches":{"total":0,"covered":0,"skipped":0,"pct":100}}
,"C:\\Users\\denis\\VSProjects\\Marketplace\\src\\hooks\\utils\\metadataHelpers.js": {"lines":{"total":33,"covered":28,"skipped":0,"pct":84.84},"functions":{"total":2,"covered":2,"skipped":0,"pct":100},"statements":{"total":33,"covered":28,"skipped":0,"pct":84.84},"branches":{"total":15,"covered":10,"skipped":0,"pct":66.66}}
,"C:\\Users\\denis\\VSProjects\\Marketplace\\src\\hooks\\utils\\useGetIsSSO.js": {"lines":{"total":1,"covered":1,"skipped":0,"pct":100},"functions":{"total":0,"covered":0,"skipped":0,"pct":100},"statements":{"total":1,"covered":1,"skipped":0,"pct":100},"branches":{"total":0,"covered":0,"skipped":0,"pct":100}}
,"C:\\Users\\denis\\VSProjects\\Marketplace\\src\\server\\market\\getMarketLabsSnapshot.js": {"lines":{"total":247,"covered":213,"skipped":0,"pct":86.23},"functions":{"total":16,"covered":13,"skipped":0,"pct":81.25},"statements":{"total":247,"covered":213,"skipped":0,"pct":86.23},"branches":{"total":74,"covered":48,"skipped":0,"pct":64.86}}
,"C:\\Users\\denis\\VSProjects\\Marketplace\\src\\styles\\designSystem.js": {"lines":{"total":335,"covered":335,"skipped":0,"pct":100},"functions":{"total":0,"covered":0,"skipped":0,"pct":100},"statements":{"total":335,"covered":335,"skipped":0,"pct":100},"branches":{"total":0,"covered":0,"skipped":0,"pct":100}}
,"C:\\Users\\denis\\VSProjects\\Marketplace\\src\\utils\\asyncStorageShim.js": {"lines":{"total":97,"covered":74,"skipped":0,"pct":76.28},"functions":{"total":18,"covered":12,"skipped":0,"pct":66.66},"statements":{"total":97,"covered":74,"skipped":0,"pct":76.28},"branches":{"total":20,"covered":17,"skipped":0,"pct":85}}
,"C:\\Users\\denis\\VSProjects\\Marketplace\\src\\utils\\cn.js": {"lines":{"total":37,"covered":37,"skipped":0,"pct":100},"functions":{"total":1,"covered":1,"skipped":0,"pct":100},"statements":{"total":37,"covered":37,"skipped":0,"pct":100},"branches":{"total":12,"covered":12,"skipped":0,"pct":100}}
,"C:\\Users\\denis\\VSProjects\\Marketplace\\src\\utils\\errorBoundaries.js": {"lines":{"total":511,"covered":410,"skipped":0,"pct":80.23},"functions":{"total":25,"covered":20,"skipped":0,"pct":80},"statements":{"total":511,"covered":410,"skipped":0,"pct":80.23},"branches":{"total":64,"covered":59,"skipped":0,"pct":92.18}}
,"C:\\Users\\denis\\VSProjects\\Marketplace\\src\\utils\\isVercel.js": {"lines":{"total":8,"covered":8,"skipped":0,"pct":100},"functions":{"total":1,"covered":1,"skipped":0,"pct":100},"statements":{"total":8,"covered":8,"skipped":0,"pct":100},"branches":{"total":1,"covered":1,"skipped":0,"pct":100}}
,"C:\\Users\\denis\\VSProjects\\Marketplace\\src\\utils\\labStats.js": {"lines":{"total":39,"covered":31,"skipped":0,"pct":79.48},"functions":{"total":3,"covered":3,"skipped":0,"pct":100},"statements":{"total":39,"covered":31,"skipped":0,"pct":79.48},"branches":{"total":19,"covered":14,"skipped":0,"pct":73.68}}
,"C:\\Users\\denis\\VSProjects\\Marketplace\\src\\utils\\labValidation.js": {"lines":{"total":242,"covered":201,"skipped":0,"pct":83.05},"functions":{"total":6,"covered":6,"skipped":0,"pct":100},"statements":{"total":242,"covered":201,"skipped":0,"pct":83.05},"branches":{"total":84,"covered":70,"skipped":0,"pct":83.33}}
,"C:\\Users\\denis\\VSProjects\\Marketplace\\src\\utils\\optimizedContext.js": {"lines":{"total":130,"covered":108,"skipped":0,"pct":83.07},"functions":{"total":9,"covered":5,"skipped":0,"pct":55.55},"statements":{"total":130,"covered":108,"skipped":0,"pct":83.07},"branches":{"total":12,"covered":11,"skipped":0,"pct":91.66}}
,"C:\\Users\\denis\\VSProjects\\Marketplace\\src\\utils\\api\\backendProxyHelpers.js": {"lines":{"total":64,"covered":64,"skipped":0,"pct":100},"functions":{"total":3,"covered":3,"skipped":0,"pct":100},"statements":{"total":64,"covered":64,"skipped":0,"pct":100},"branches":{"total":18,"covered":18,"skipped":0,"pct":100}}
,"C:\\Users\\denis\\VSProjects\\Marketplace\\src\\utils\\auth\\account.js": {"lines":{"total":98,"covered":96,"skipped":0,"pct":97.95},"functions":{"total":4,"covered":4,"skipped":0,"pct":100},"statements":{"total":98,"covered":96,"skipped":0,"pct":97.95},"branches":{"total":33,"covered":32,"skipped":0,"pct":96.96}}
,"C:\\Users\\denis\\VSProjects\\Marketplace\\src\\utils\\auth\\authServiceClient.js": {"lines":{"total":212,"covered":210,"skipped":0,"pct":99.05},"functions":{"total":6,"covered":6,"skipped":0,"pct":100},"statements":{"total":212,"covered":210,"skipped":0,"pct":99.05},"branches":{"total":39,"covered":36,"skipped":0,"pct":92.3}}
,"C:\\Users\\denis\\VSProjects\\Marketplace\\src\\utils\\auth\\bookingAccess.js": {"lines":{"total":46,"covered":46,"skipped":0,"pct":100},"functions":{"total":2,"covered":2,"skipped":0,"pct":100},"statements":{"total":46,"covered":46,"skipped":0,"pct":100},"branches":{"total":12,"covered":12,"skipped":0,"pct":100}}
,"C:\\Users\\denis\\VSProjects\\Marketplace\\src\\utils\\auth\\guards.js": {"lines":{"total":451,"covered":364,"skipped":0,"pct":80.7},"functions":{"total":16,"covered":12,"skipped":0,"pct":75},"statements":{"total":451,"covered":364,"skipped":0,"pct":80.7},"branches":{"total":72,"covered":62,"skipped":0,"pct":86.11}}
[...]
,"C:\\Users\\denis\\VSProjects\\Marketplace\\src\\utils\\auth\\provisioningToken.js": {"lines":{"total":188,"covered":173,"skipped":0,"pct":92.02},"functions":{"total":11,"covered":10,"skipped":0,"pct":90.9},"statements":{"total":188,"covered":173,"skipped":0,"pct":92.02},"branches":{"total":51,"covered":49,"skipped":0,"pct":96.07}}
,"C:\\Users\\denis\\VSProjects\\Marketplace\\src\\utils\\auth\\publicSessionUser.js": {"lines":{"total":54,"covered":52,"skipped":0,"pct":96.29},"functions":{"total":1,"covered":1,"skipped":0,"pct":100},"statements":{"total":54,"covered":52,"skipped":0,"pct":96.29},"branches":{"total":5,"covered":4,"skipped":0,"pct":80}}
,"C:\\Users\\denis\\VSProjects\\Marketplace\\src\\utils\\auth\\puc.js": {"lines":{"total":61,"covered":59,"skipped":0,"pct":96.72},"functions":{"total":2,"covered":2,"skipped":0,"pct":100},"statements":{"total":61,"covered":59,"skipped":0,"pct":96.72},"branches":{"total":28,"covered":27,"skipped":0,"pct":96.42}}
,"C:\\Users\\denis\\VSProjects\\Marketplace\\src\\utils\\auth\\roleValidation.js": {"lines":{"total":128,"covered":128,"skipped":0,"pct":100},"functions":{"total":3,"covered":3,"skipped":0,"pct":100},"statements":{"total":128,"covered":128,"skipped":0,"pct":100},"branches":{"total":23,"covered":23,"skipped":0,"pct":100}}
,"C:\\Users\\denis\\VSProjects\\Marketplace\\src\\utils\\auth\\sessionCookie.js": {"lines":{"total":541,"covered":429,"skipped":0,"pct":79.29},"functions":{"total":21,"covered":20,"skipped":0,"pct":95.23},"statements":{"total":541,"covered":429,"skipped":0,"pct":79.29},"branches":{"total":120,"covered":87,"skipped":0,"pct":72.5}}
,"C:\\Users\\denis\\VSProjects\\Marketplace\\src\\utils\\auth\\sso.js": {"lines":{"total":324,"covered":302,"skipped":0,"pct":93.2},"functions":{"total":9,"covered":8,"skipped":0,"pct":88.88},"statements":{"total":324,"covered":302,"skipped":0,"pct":93.2},"branches":{"total":69,"covered":57,"skipped":0,"pct":82.6}}
,"C:\\Users\\denis\\VSProjects\\Marketplace\\src\\utils\\auth\\walletSessionChallenge.js": {"lines":{"total":118,"covered":99,"skipped":0,"pct":83.89},"functions":{"total":7,"covered":7,"skipped":0,"pct":100},"statements":{"total":118,"covered":99,"skipped":0,"pct":83.89},"branches":{"total":32,"covered":24,"skipped":0,"pct":75}}
,"C:\\Users\\denis\\VSProjects\\Marketplace\\src\\utils\\blockchain\\address.js": {"lines":{"total":28,"covered":26,"skipped":0,"pct":92.85},"functions":{"total":2,"covered":2,"skipped":0,"pct":100},"statements":{"total":28,"covered":26,"skipped":0,"pct":92.85},"branches":{"total":8,"covered":7,"skipped":0,"pct":87.5}}
,"C:\\Users\\denis\\VSProjects\\Marketplace\\src\\utils\\blockchain\\bigIntSerializer.js": {"lines":{"total":38,"covered":38,"skipped":0,"pct":100},"functions":{"total":2,"covered":2,"skipped":0,"pct":100},"statements":{"total":38,"covered":38,"skipped":0,"pct":100},"branches":{"total":10,"covered":10,"skipped":0,"pct":100}}
,"C:\\Users\\denis\\VSProjects\\Marketplace\\src\\utils\\blockchain\\classifyBlockchainError.js": {"lines":{"total":284,"covered":280,"skipped":0,"pct":98.59},"functions":{"total":4,"covered":4,"skipped":0,"pct":100},"statements":{"total":284,"covered":280,"skipped":0,"pct":98.59},"branches":{"total":32,"covered":30,"skipped":0,"pct":93.75}}
,"C:\\Users\\denis\\VSProjects\\Marketplace\\src\\utils\\blockchain\\connection.js": {"lines":{"total":26,"covered":26,"skipped":0,"pct":100},"functions":{"total":4,"covered":4,"skipped":0,"pct":100},"statements":{"total":26,"covered":26,"skipped":0,"pct":100},"branches":{"total":13,"covered":12,"skipped":0,"pct":92.3}}
,"C:\\Users\\denis\\VSProjects\\Marketplace\\src\\utils\\blockchain\\formatTokens.js": {"lines":{"total":28,"covered":26,"skipped":0,"pct":92.85},"functions":{"total":1,"covered":1,"skipped":0,"pct":100},"statements":{"total":28,"covered":26,"skipped":0,"pct":92.85},"branches":{"total":5,"covered":4,"skipped":0,"pct":80}}
,"C:\\Users\\denis\\VSProjects\\Marketplace\\src\\utils\\blockchain\\selectChain.js": {"lines":{"total":24,"covered":24,"skipped":0,"pct":100},"functions":{"total":1,"covered":1,"skipped":0,"pct":100},"statements":{"total":24,"covered":24,"skipped":0,"pct":100},"branches":{"total":12,"covered":10,"skipped":0,"pct":83.33}}
,"C:\\Users\\denis\\VSProjects\\Marketplace\\src\\utils\\booking\\bookingStatus.js": {"lines":{"total":414,"covered":391,"skipped":0,"pct":94.44},"functions":{"total":16,"covered":15,"skipped":0,"pct":93.75},"statements":{"total":414,"covered":391,"skipped":0,"pct":94.44},"branches":{"total":137,"covered":128,"skipped":0,"pct":93.43}}
,"C:\\Users\\denis\\VSProjects\\Marketplace\\src\\utils\\booking\\bookingValidation.js": {"lines":{"total":148,"covered":148,"skipped":0,"pct":100},"functions":{"total":6,"covered":6,"skipped":0,"pct":100},"statements":{"total":148,"covered":148,"skipped":0,"pct":100},"branches":{"total":28,"covered":28,"skipped":0,"pct":100}}
,"C:\\Users\\denis\\VSProjects\\Marketplace\\src\\utils\\booking\\calendarBooking.js": {"lines":{"total":48,"covered":48,"skipped":0,"pct":100},"functions":{"total":5,"covered":5,"skipped":0,"pct":100},"statements":{"total":48,"covered":48,"skipped":0,"pct":100},"branches":{"total":32,"covered":32,"skipped":0,"pct":100}}
,"C:\\Users\\denis\\VSProjects\\Marketplace\\src\\utils\\booking\\isBookingActive.js": {"lines":{"total":45,"covered":37,"skipped":0,"pct":82.22},"functions":{"total":1,"covered":1,"skipped":0,"pct":100},"statements":{"total":45,"covered":37,"skipped":0,"pct":82.22},"branches":{"total":14,"covered":12,"skipped":0,"pct":85.71}}
,"C:\\Users\\denis\\VSProjects\\Marketplace\\src\\utils\\booking\\labBookingCalendar.js": {"lines":{"total":369,"covered":311,"skipped":0,"pct":84.28},"functions":{"total":12,"covered":12,"skipped":0,"pct":100},"statements":{"total":369,"covered":311,"skipped":0,"pct":84.28},"branches":{"total":141,"covered":103,"skipped":0,"pct":73.04}}
,"C:\\Users\\denis\\VSProjects\\Marketplace\\src\\utils\\booking\\priceHelpers.js": {"lines":{"total":67,"covered":67,"skipped":0,"pct":100},"functions":{"total":5,"covered":5,"skipped":0,"pct":100},"statements":{"total":67,"covered":67,"skipped":0,"pct":100},"branches":{"total":12,"covered":12,"skipped":0,"pct":100}}
,"C:\\Users\\denis\\VSProjects\\Marketplace\\src\\utils\\booking\\reservationKey.js": {"lines":{"total":19,"covered":19,"skipped":0,"pct":100},"functions":{"total":1,"covered":1,"skipped":0,"pct":100},"statements":{"total":19,"covered":19,"skipped":0,"pct":100},"branches":{"total":10,"covered":9,"skipped":0,"pct":90}}
,"C:\\Users\\denis\\VSProjects\\Marketplace\\src\\utils\\booking\\timeHelpers.js": {"lines":{"total":160,"covered":160,"skipped":0,"pct":100},"functions":{"total":8,"covered":8,"skipped":0,"pct":100},"statements":{"total":160,"covered":160,"skipped":0,"pct":100},"branches":{"total":22,"covered":22,"skipped":0,"pct":100}}
,"C:\\Users\\denis\\VSProjects\\Marketplace\\src\\utils\\browser\\popupBlockerGuidance.js": {"lines":{"total":128,"covered":126,"skipped":0,"pct":98.43},"functions":{"total":4,"covered":4,"skipped":0,"pct":100},"statements":{"total":128,"covered":126,"skipped":0,"pct":98.43},"branches":{"total":22,"covered":17,"skipped":0,"pct":77.27}}
,"C:\\Users\\denis\\VSProjects\\Marketplace\\src\\utils\\browser\\sendMailto.js": {"lines":{"total":7,"covered":7,"skipped":0,"pct":100},"functions":{"total":1,"covered":1,"skipped":0,"pct":100},"statements":{"total":7,"covered":7,"skipped":0,"pct":100},"branches":{"total":1,"covered":1,"skipped":0,"pct":100}}
,"C:\\Users\\denis\\VSProjects\\Marketplace\\src\\utils\\country\\inferCountryFromDomain.js": {"lines":{"total":104,"covered":104,"skipped":0,"pct":100},"functions":{"total":1,"covered":1,"skipped":0,"pct":100},"statements":{"total":104,"covered":104,"skipped":0,"pct":100},"branches":{"total":17,"covered":15,"skipped":0,"pct":88.23}}
,"C:\\Users\\denis\\VSProjects\\Marketplace\\src\\utils\\dates\\dateFormatter.js": {"lines":{"total":51,"covered":49,"skipped":0,"pct":96.07},"functions":{"total":2,"covered":2,"skipped":0,"pct":100},"statements":{"total":51,"covered":49,"skipped":0,"pct":96.07},"branches":{"total":16,"covered":15,"skipped":0,"pct":93.75}}
,"C:\\Users\\denis\\VSProjects\\Marketplace\\src\\utils\\dates\\dateValidation.js": {"lines":{"total":141,"covered":141,"skipped":0,"pct":100},"functions":{"total":4,"covered":4,"skipped":0,"pct":100},"statements":{"total":141,"covered":141,"skipped":0,"pct":100},"branches":{"total":26,"covered":26,"skipped":0,"pct":100}}
,"C:\\Users\\denis\\VSProjects\\Marketplace\\src\\utils\\dates\\parseDateSafe.js": {"lines":{"total":60,"covered":60,"skipped":0,"pct":100},"functions":{"total":2,"covered":2,"skipped":0,"pct":100},"statements":{"total":60,"covered":60,"skipped":0,"pct":100},"branches":{"total":23,"covered":21,"skipped":0,"pct":91.3}}
,"C:\\Users\\denis\\VSProjects\\Marketplace\\src\\utils\\env\\baseUrl.js": {"lines":{"total":84,"covered":76,"skipped":0,"pct":90.47},"functions":{"total":6,"covered":5,"skipped":0,"pct":83.33},"statements":{"total":84,"covered":76,"skipped":0,"pct":90.47},"branches":{"total":23,"covered":23,"skipped":0,"pct":100}}
,"C:\\Users\\denis\\VSProjects\\Marketplace\\src\\utils\\hooks\\authMode.js": {"lines":{"total":126,"covered":98,"skipped":0,"pct":77.77},"functions":{"total":5,"covered":5,"skipped":0,"pct":100},"statements":{"total":126,"covered":98,"skipped":0,"pct":77.77},"branches":{"total":19,"covered":16,"skipped":0,"pct":84.21}}
,"C:\\Users\\denis\\VSProjects\\Marketplace\\src\\utils\\hooks\\queryKeys.js": {"lines":{"total":142,"covered":142,"skipped":0,"pct":100},"functions":{"total":71,"covered":71,"skipped":0,"pct":100},"statements":{"total":142,"covered":142,"skipped":0,"pct":100},"branches":{"total":75,"covered":74,"skipped":0,"pct":98.66}}
,"C:\\Users\\denis\\VSProjects\\Marketplace\\src\\utils\\hooks\\ssrSafe.js": {"lines":{"total":33,"covered":33,"skipped":0,"pct":100},"functions":{"total":3,"covered":3,"skipped":0,"pct":100},"statements":{"total":33,"covered":33,"skipped":0,"pct":100},"branches":{"total":6,"covered":6,"skipped":0,"pct":100}}
,"C:\\Users\\denis\\VSProjects\\Marketplace\\src\\utils\\hooks\\useProviderMapping.js": {"lines":{"total":142,"covered":140,"skipped":0,"pct":98.59},"functions":{"total":5,"covered":5,"skipped":0,"pct":100},"statements":{"total":142,"covered":140,"skipped":0,"pct":98.59},"branches":{"total":19,"covered":13,"skipped":0,"pct":68.42}}
,"C:\\Users\\denis\\VSProjects\\Marketplace\\src\\utils\\intents\\adminIntentSigner.js": {"lines":{"total":297,"covered":0,"skipped":0,"pct":0},"functions":{"total":1,"covered":0,"skipped":0,"pct":0},"statements":{"total":297,"covered":0,"skipped":0,"pct":0},"branches":{"total":1,"covered":0,"skipped":0,"pct":0}}
,"C:\\Users\\denis\\VSProjects\\Marketplace\\src\\utils\\intents\\authorizationOrchestrator.js": {"lines":{"total":241,"covered":210,"skipped":0,"pct":87.13},"functions":{"total":6,"covered":6,"skipped":0,"pct":100},"statements":{"total":241,"covered":210,"skipped":0,"pct":87.13},"branches":{"total":84,"covered":62,"skipped":0,"pct":73.8}}
,"C:\\Users\\denis\\VSProjects\\Marketplace\\src\\utils\\intents\\backendClient.js": {"lines":{"total":145,"covered":57,"skipped":0,"pct":39.31},"functions":{"total":10,"covered":5,"skipped":0,"pct":50},"statements":{"total":145,"covered":57,"skipped":0,"pct":39.31},"branches":{"total":23,"covered":13,"skipped":0,"pct":56.52}}
,"C:\\Users\\denis\\VSProjects\\Marketplace\\src\\utils\\intents\\clientFlowShared.js": {"lines":{"total":160,"covered":133,"skipped":0,"pct":83.12},"functions":{"total":9,"covered":9,"skipped":0,"pct":100},"statements":{"total":160,"covered":133,"skipped":0,"pct":83.12},"branches":{"total":71,"covered":47,"skipped":0,"pct":66.19}}
,"C:\\Users\\denis\\VSProjects\\Marketplace\\src\\utils\\intents\\intentNonceStore.js": {"lines":{"total":18,"covered":11,"skipped":0,"pct":61.11},"functions":{"total":1,"covered":0,"skipped":0,"pct":0},"statements":{"total":18,"covered":11,"skipped":0,"pct":61.11},"branches":{"total":0,"covered":0,"skipped":0,"pct":100}}
,"C:\\Users\\denis\\VSProjects\\Marketplace\\src\\utils\\intents\\onchainHelpers.js": {"lines":{"total":32,"covered":0,"skipped":0,"pct":0},"functions":{"total":1,"covered":0,"skipped":0,"pct":0},"statements":{"total":32,"covered":0,"skipped":0,"pct":0},"branches":{"total":1,"covered":0,"skipped":0,"pct":0}}
,"C:\\Users\\denis\\VSProjects\\Marketplace\\src\\utils\\intents\\pollIntentAuthorizationStatus.js": {"lines":{"total":90,"covered":9,"skipped":0,"pct":10},"functions":{"total":2,"covered":0,"skipped":0,"pct":0},"statements":{"total":90,"covered":9,"skipped":0,"pct":10},"branches":{"total":0,"covered":0,"skipped":0,"pct":100}}
,"C:\\Users\\denis\\VSProjects\\Marketplace\\src\\utils\\intents\\pollIntentStatus.js": {"lines":{"total":98,"covered":9,"skipped":0,"pct":9.18},"functions":{"total":2,"covered":0,"skipped":0,"pct":0},"statements":{"total":98,"covered":9,"skipped":0,"pct":9.18},"branches":{"total":0,"covered":0,"skipped":0,"pct":100}}
,"C:\\Users\\denis\\VSProjects\\Marketplace\\src\\utils\\intents\\resolveIntentExecutor.js": {"lines":{"total":75,"covered":0,"skipped":0,"pct":0},"functions":{"total":1,"covered":0,"skipped":0,"pct":0},"statements":{"total":75,"covered":0,"skipped":0,"pct":0},"branches":{"total":1,"covered":0,"skipped":0,"pct":0}}
,"C:\\Users\\denis\\VSProjects\\Marketplace\\src\\utils\\intents\\serialize.js": {"lines":{"total":9,"covered":0,"skipped":0,"pct":0},"functions":{"total":1,"covered":0,"skipped":0,"pct":0},"statements":{"total":9,"covered":0,"skipped":0,"pct":0},"branches":{"total":1,"covered":0,"skipped":0,"pct":0}}
,"C:\\Users\\denis\\VSProjects\\Marketplace\\src\\utils\\intents\\signInstitutionalActionIntent.js": {"lines":{"total":196,"covered":147,"skipped":0,"pct":75},"functions":{"total":7,"covered":7,"skipped":0,"pct":100},"statements":{"total":196,"covered":147,"skipped":0,"pct":75},"branches":{"total":25,"covered":9,"skipped":0,"pct":36}}
,"C:\\Users\\denis\\VSProjects\\Marketplace\\src\\utils\\intents\\signInstitutionalReservationIntent.js": {"lines":{"total":169,"covered":123,"skipped":0,"pct":72.78},"functions":{"total":6,"covered":6,"skipped":0,"pct":100},"statements":{"total":169,"covered":123,"skipped":0,"pct":72.78},"branches":{"total":24,"covered":8,"skipped":0,"pct":33.33}}
,"C:\\Users\\denis\\VSProjects\\Marketplace\\src\\utils\\notifications\\institutionToasts.js": {"lines":{"total":108,"covered":108,"skipped":0,"pct":100},"functions":{"total":25,"covered":25,"skipped":0,"pct":100},"statements":{"total":108,"covered":108,"skipped":0,"pct":100},"branches":{"total":37,"covered":32,"skipped":0,"pct":86.48}}
,"C:\\Users\\denis\\VSProjects\\Marketplace\\src\\utils\\notifications\\labToasts.js": {"lines":{"total":117,"covered":117,"skipped":0,"pct":100},"functions":{"total":50,"covered":50,"skipped":0,"pct":100},"statements":{"total":117,"covered":117,"skipped":0,"pct":100},"branches":{"total":55,"covered":55,"skipped":0,"pct":100}}
,"C:\\Users\\denis\\VSProjects\\Marketplace\\src\\utils\\notifications\\reservationToasts.js": {"lines":{"total":250,"covered":233,"skipped":0,"pct":93.2},"functions":{"total":52,"covered":44,"skipped":0,"pct":84.61},"statements":{"total":250,"covered":233,"skipped":0,"pct":93.2},"branches":{"total":64,"covered":54,"skipped":0,"pct":84.37}}
,"C:\\Users\\denis\\VSProjects\\Marketplace\\src\\utils\\notifications\\stakingToasts.js": {"lines":{"total":56,"covered":56,"skipped":0,"pct":100},"functions":{"total":15,"covered":15,"skipped":0,"pct":100},"statements":{"total":56,"covered":56,"skipped":0,"pct":100},"branches":{"total":17,"covered":17,"skipped":0,"pct":100}}
,"C:\\Users\\denis\\VSProjects\\Marketplace\\src\\utils\\notifications\\userDashboardToasts.js": {"lines":{"total":104,"covered":104,"skipped":0,"pct":100},"functions":{"total":17,"covered":17,"skipped":0,"pct":100},"statements":{"total":104,"covered":104,"skipped":0,"pct":100},"branches":{"total":29,"covered":26,"skipped":0,"pct":89.65}}
,"C:\\Users\\denis\\VSProjects\\Marketplace\\src\\utils\\onboarding\\browserCredentialMarker.js": {"lines":{"total":144,"covered":132,"skipped":0,"pct":91.66},"functions":{"total":12,"covered":11,"skipped":0,"pct":91.66},"statements":{"total":144,"covered":132,"skipped":0,"pct":91.66},"branches":{"total":42,"covered":25,"skipped":0,"pct":59.52}}
,"C:\\Users\\denis\\VSProjects\\Marketplace\\src\\utils\\onboarding\\callbackAuth.js": {"lines":{"total":227,"covered":176,"skipped":0,"pct":77.53},"functions":{"total":13,"covered":13,"skipped":0,"pct":100},"statements":{"total":227,"covered":176,"skipped":0,"pct":77.53},"branches":{"total":56,"covered":25,"skipped":0,"pct":44.64}}
,"C:\\Users\\denis\\VSProjects\\Marketplace\\src\\utils\\onboarding\\index.js": {"lines":{"total":40,"covered":40,"skipped":0,"pct":100},"functions":{"total":0,"covered":0,"skipped":0,"pct":100},"statements":{"total":40,"covered":40,"skipped":0,"pct":100},"branches":{"total":0,"covered":0,"skipped":0,"pct":100}}
,"C:\\Users\\denis\\VSProjects\\Marketplace\\src\\utils\\onboarding\\institutionalBackend.js": {"lines":{"total":119,"covered":110,"skipped":0,"pct":92.43},"functions":{"total":4,"covered":4,"skipped":0,"pct":100},"statements":{"total":119,"covered":110,"skipped":0,"pct":92.43},"branches":{"total":25,"covered":20,"skipped":0,"pct":80}}
,"C:\\Users\\denis\\VSProjects\\Marketplace\\src\\utils\\onboarding\\institutionalOnboarding.js": {"lines":{"total":393,"covered":300,"skipped":0,"pct":76.33},"functions":{"total":7,"covered":6,"skipped":0,"pct":85.71},"statements":{"total":393,"covered":300,"skipped":0,"pct":76.33},"branches":{"total":63,"covered":46,"skipped":0,"pct":73.01}}
,"C:\\Users\\denis\\VSProjects\\Marketplace\\src\\utils\\onboarding\\onboardingResultStore.js": {"lines":{"total":156,"covered":154,"skipped":0,"pct":98.71},"functions":{"total":7,"covered":7,"skipped":0,"pct":100},"statements":{"total":156,"covered":154,"skipped":0,"pct":98.71},"branches":{"total":19,"covered":18,"skipped":0,"pct":94.73}}
,"C:\\Users\\denis\\VSProjects\\Marketplace\\src\\utils\\optimistic\\reconciliationQueue.js": {"lines":{"total":97,"covered":93,"skipped":0,"pct":95.87},"functions":{"total":9,"covered":9,"skipped":0,"pct":100},"statements":{"total":97,"covered":93,"skipped":0,"pct":95.87},"branches":{"total":33,"covered":22,"skipped":0,"pct":66.66}}
,"C:\\Users\\denis\\VSProjects\\Marketplace\\src\\utils\\webauthn\\challenge.js": {"lines":{"total":37,"covered":0,"skipped":0,"pct":0},"functions":{"total":1,"covered":0,"skipped":0,"pct":0},"statements":{"total":37,"covered":0,"skipped":0,"pct":0},"branches":{"total":1,"covered":0,"skipped":0,"pct":0}}
,"C:\\Users\\denis\\VSProjects\\Marketplace\\src\\utils\\webauthn\\client.js": {"lines":{"total":99,"covered":21,"skipped":0,"pct":21.21},"functions":{"total":7,"covered":0,"skipped":0,"pct":0},"statements":{"total":99,"covered":21,"skipped":0,"pct":21.21},"branches":{"total":0,"covered":0,"skipped":0,"pct":100}}
,"C:\\Users\\denis\\VSProjects\\Marketplace\\src\\utils\\webauthn\\config.js": {"lines":{"total":65,"covered":28,"skipped":0,"pct":43.07},"functions":{"total":3,"covered":0,"skipped":0,"pct":0},"statements":{"total":65,"covered":28,"skipped":0,"pct":43.07},"branches":{"total":0,"covered":0,"skipped":0,"pct":100}}
,"C:\\Users\\denis\\VSProjects\\Marketplace\\src\\utils\\webauthn\\service.js": {"lines":{"total":186,"covered":83,"skipped":0,"pct":44.62},"functions":{"total":5,"covered":3,"skipped":0,"pct":60},"statements":{"total":186,"covered":83,"skipped":0,"pct":44.62},"branches":{"total":7,"covered":5,"skipped":0,"pct":71.42}}
,"C:\\Users\\denis\\VSProjects\\Marketplace\\src\\utils\\webauthn\\store.js": {"lines":{"total":84,"covered":50,"skipped":0,"pct":59.52},"functions":{"total":8,"covered":0,"skipped":0,"pct":0},"statements":{"total":84,"covered":50,"skipped":0,"pct":59.52},"branches":{"total":0,"covered":0,"skipped":0,"pct":100}}
}
